[11:23:45.059][info] [#0:/home/red/.local/share/nvim/mason/packages/lua-language-server/libexec/main.lua:66]: Lua Lsp startup, root: 	/home/red/.local/share/nvim/mason/packages/lua-language-server/libexec
[11:23:45.059][info] [#0:/home/red/.local/share/nvim/mason/packages/lua-language-server/libexec/main.lua:67]: ROOT:	/home/red/.local/share/nvim/mason/packages/lua-language-server/libexec
[11:23:45.059][info] [#0:/home/red/.local/share/nvim/mason/packages/lua-language-server/libexec/main.lua:68]: LOGPATH:	/home/red/.local/share/nvim/mason/packages/lua-language-server/libexec/log
[11:23:45.059][info] [#0:/home/red/.local/share/nvim/mason/packages/lua-language-server/libexec/main.lua:69]: METAPATH:	/home/red/.local/share/nvim/mason/packages/lua-language-server/libexec/meta
[11:23:45.059][info] [#0:/home/red/.local/share/nvim/mason/packages/lua-language-server/libexec/main.lua:70]: VERSION:	3.6.24
[11:23:45.090][info] [#0:script/service/service.lua:144]: 
========= Medical Examination Report =========
    --------------- Memory ---------------
        Total: 2.134 MB
        # 00 : 2.134 MB
        # 01 : 0.000 MB
        # 02 : 0.000 MB
        # 03 : 0.000 MB
        # 04 : 0.000 MB
    --------------- Coroutine ---------------
        Total:     0
        Running:   0
        Suspended: 0
        Normal:    0
        Dead:      0
    --------------- Cache ---------------
        Total: 1
        Dead:  0
    ---------------  RPC  ---------------
        Holdon:   0
        Waiting:  0
==============================================
[11:23:45.097][info] [#0:script/client.lua:657]: Client init	{
  capabilities = {
    textDocument = {
      callHierarchy = {
        dynamicRegistration = false
      },
      codeAction = {
        codeActionLiteralSupport = {
          codeActionKind = {
            valueSet = { "", "quickfix", "refactor", "refactor.extract", "refactor.inline", "refactor.rewrite", "source", "source.organizeImports" }
          }
        },
        dataSupport = true,
        dynamicRegistration = false,
        isPreferredSupport = true,
        resolveSupport = {
          properties = { "edit" }
        }
      },
      completion = {
        completionItem = {
          commitCharactersSupport = true,
          deprecatedSupport = true,
          documentationFormat = { "markdown", "plaintext" },
          insertReplaceSupport = true,
          labelDetailsSupport = true,
          preselectSupport = true,
          resolveSupport = {
            properties = { "documentation", "detail", "additionalTextEdits" }
          },
          snippetSupport = true,
          tagSupport = {
            valueSet = { 1 }
          }
        },
        completionItemKind = {
          valueSet = { 1, 2, 3, 4, 5, 6, 7, 8, 9, 10, 11, 12, 13, 14, 15, 16, 17, 18, 19, 20, 21, 22, 23, 24, 25 }
        },
        contextSupport = false,
        dynamicRegistration = false
      },
      declaration = {
        linkSupport = true
      },
      definition = {
        linkSupport = true
      },
      documentHighlight = {
        dynamicRegistration = false
      },
      documentSymbol = {
        dynamicRegistration = false,
        hierarchicalDocumentSymbolSupport = true,
        symbolKind = {
          valueSet = { 1, 2, 3, 4, 5, 6, 7, 8, 9, 10, 11, 12, 13, 14, 15, 16, 17, 18, 19, 20, 21, 22, 23, 24, 25, 26 }
        }
      },
      hover = {
        contentFormat = { "markdown", "plaintext" },
        dynamicRegistration = false
      },
      implementation = {
        linkSupport = true
      },
      publishDiagnostics = {
        relatedInformation = true,
        tagSupport = {
          valueSet = { 1, 2 }
        }
      },
      references = {
        dynamicRegistration = false
      },
      rename = {
        dynamicRegistration = false,
        prepareSupport = true
      },
      semanticTokens = {
        augmentsSyntaxTokens = true,
        dynamicRegistration = false,
        formats = { "relative" },
        multilineTokenSupport = false,
        overlappingTokenSupport = true,
        requests = {
          full = {
            delta = true
          },
          range = false
        },
        serverCancelSupport = false,
        tokenModifiers = { "declaration", "definition", "readonly", "static", "deprecated", "abstract", "async", "modification", "documentation", "defaultLibrary" },
        tokenTypes = { "namespace", "type", "class", "enum", "interface", "struct", "typeParameter", "parameter", "variable", "property", "enumMember", "event", "function", "method", "macro", "keyword", "modifier", "comment", "string", "number", "regexp", "operator", "decorator" }
      },
      signatureHelp = {
        dynamicRegistration = false,
        signatureInformation = {
          activeParameterSupport = true,
          documentationFormat = { "markdown", "plaintext" },
          parameterInformation = {
            labelOffsetSupport = true
          }
        }
      },
      synchronization = {
        didSave = true,
        dynamicRegistration = false,
        willSave = true,
        willSaveWaitUntil = true
      },
      typeDefinition = {
        linkSupport = true
      }
    },
    window = {
      showDocument = {
        support = true
      },
      showMessage = {
        messageActionItem = {
          additionalPropertiesSupport = false
        }
      },
      workDoneProgress = true
    },
    workspace = {
      applyEdit = true,
      configuration = true,
      didChangeWatchedFiles = {
        dynamicRegistration = false,
        relativePatternSupport = true
      },
      semanticTokens = {
        refreshSupport = true
      },
      symbol = {
        dynamicRegistration = false,
        hierarchicalWorkspaceSymbolSupport = true,
        symbolKind = {
          valueSet = { 1, 2, 3, 4, 5, 6, 7, 8, 9, 10, 11, 12, 13, 14, 15, 16, 17, 18, 19, 20, 21, 22, 23, 24, 25, 26 }
        }
      },
      workspaceEdit = {
        resourceOperations = { "rename", "create", "delete" }
      },
      workspaceFolders = true
    }
  },
  clientInfo = {
    name = "Neovim",
    version = "0.9.1"
  },
  initializationOptions = {},
  processId = 162875,
  rootPath = "/home/red/.config/nvim",
  rootUri = "file:///home/red/.config/nvim",
  trace = "off",
  workspaceFolders = { {
      name = "/home/red/.config/nvim",
      uri = "file:///home/red/.config/nvim"
    } }
}
[11:23:45.098][info] [#0:script/language.lua:137]: VSC language: nil
[11:23:45.098][info] [#0:script/language.lua:138]: LS  language: en-us
[11:23:45.098][info] [#0:script/workspace/workspace.lua:38]: Workspace init root: 	file:///home/red/.config/nvim
[11:23:45.098][info] [#0:script/workspace/workspace.lua:42]: Log path: 	/home/red/.local/share/nvim/mason/packages/lua-language-server/libexec/log/file_home_red_.config_nvim.log
[11:23:45.099][info] [#0:script/workspace/workspace.lua:48]: Workspace create: 	file:///home/red/.config/nvim
[11:23:45.201][info] [#0:script/provider/provider.lua:46]: Load config from client	file:///home/red/.config/nvim
[11:23:45.201][info] [#0:script/provider/provider.lua:47]: {
  Lua = {
    diagnostics = {
      globals = { "vim" }
    },
    telemetry = {
      enable = false
    },
    workspace = {
      library = {
        ["/home/red/.local/share/nvim/lazy/extensions/nvchad_types"] = true,
        ["/home/red/.local/share/nvim/lazy/lazy.nvim/lua/lazy"] = true,
        ["/opt/nvim-linux64/share/nvim/runtime/lua"] = true,
        ["/opt/nvim-linux64/share/nvim/runtime/lua/vim/lsp"] = true
      },
      maxPreload = 100000,
      preloadFileSize = 10000
    }
  }
}
[11:23:45.201][info] [#0:script/provider/provider.lua:46]: Load config from client	file:///home/red/.config/nvim
[11:23:45.202][info] [#0:script/provider/provider.lua:47]: {
  Lua = {
    diagnostics = {
      globals = { "vim" }
    },
    telemetry = {
      enable = false
    },
    workspace = {
      library = {
        ["/home/red/.local/share/nvim/lazy/extensions/nvchad_types"] = true,
        ["/home/red/.local/share/nvim/lazy/lazy.nvim/lua/lazy"] = true,
        ["/opt/nvim-linux64/share/nvim/runtime/lua"] = true,
        ["/opt/nvim-linux64/share/nvim/runtime/lua/vim/lsp"] = true
      },
      maxPreload = 100000,
      preloadFileSize = 10000
    }
  }
}
[11:23:45.202][info] [#0:script/provider/provider.lua:46]: Load config from client	file:///home/red/.config/nvim
[11:23:45.202][info] [#0:script/provider/provider.lua:47]: {
  Lua = {
    diagnostics = {
      globals = { "vim" }
    },
    telemetry = {
      enable = false
    },
    workspace = {
      library = {
        ["/home/red/.local/share/nvim/lazy/extensions/nvchad_types"] = true,
        ["/home/red/.local/share/nvim/lazy/lazy.nvim/lua/lazy"] = true,
        ["/opt/nvim-linux64/share/nvim/runtime/lua"] = true,
        ["/opt/nvim-linux64/share/nvim/runtime/lua/vim/lsp"] = true
      },
      maxPreload = 100000,
      preloadFileSize = 10000
    }
  }
}
[11:23:45.303][info] [#0:script/provider/provider.lua:61]: Load config from client	fallback
[11:23:45.303][info] [#0:script/provider/provider.lua:62]: {
  Lua = {
    diagnostics = {
      globals = { "vim" }
    },
    telemetry = {
      enable = false
    },
    workspace = {
      library = {
        ["/home/red/.local/share/nvim/lazy/extensions/nvchad_types"] = true,
        ["/home/red/.local/share/nvim/lazy/lazy.nvim/lua/lazy"] = true,
        ["/opt/nvim-linux64/share/nvim/runtime/lua"] = true,
        ["/opt/nvim-linux64/share/nvim/runtime/lua/vim/lsp"] = true
      },
      maxPreload = 100000,
      preloadFileSize = 10000
    }
  }
}
[11:23:45.303][info] [#0:script/provider/provider.lua:61]: Load config from client	fallback
[11:23:45.303][info] [#0:script/provider/provider.lua:62]: {
  Lua = {
    diagnostics = {
      globals = { "vim" }
    },
    telemetry = {
      enable = false
    },
    workspace = {
      library = {
        ["/home/red/.local/share/nvim/lazy/extensions/nvchad_types"] = true,
        ["/home/red/.local/share/nvim/lazy/lazy.nvim/lua/lazy"] = true,
        ["/opt/nvim-linux64/share/nvim/runtime/lua"] = true,
        ["/opt/nvim-linux64/share/nvim/runtime/lua/vim/lsp"] = true
      },
      maxPreload = 100000,
      preloadFileSize = 10000
    }
  }
}
[11:23:45.303][info] [#0:script/provider/provider.lua:61]: Load config from client	fallback
[11:23:45.303][info] [#0:script/provider/provider.lua:62]: {
  Lua = {
    diagnostics = {
      globals = { "vim" }
    },
    telemetry = {
      enable = false
    },
    workspace = {
      library = {
        ["/home/red/.local/share/nvim/lazy/extensions/nvchad_types"] = true,
        ["/home/red/.local/share/nvim/lazy/lazy.nvim/lua/lazy"] = true,
        ["/opt/nvim-linux64/share/nvim/runtime/lua"] = true,
        ["/opt/nvim-linux64/share/nvim/runtime/lua/vim/lsp"] = true
      },
      maxPreload = 100000,
      preloadFileSize = 10000
    }
  }
}
[11:23:45.404][info] [#0:script/library.lua:212]: Init builtin library at:	file:///home/red/.config/nvim
[11:23:45.435][info] [#0:script/plugin.lua:86]: plugin path:	/home/red/.config/nvim
[11:23:45.435][warn] [#0:script/plugin.lua:101]: plugin not found:	/home/red/.config/nvim
[11:23:45.435][info] [#0:script/library.lua:212]: Init builtin library at:	nil
[11:23:45.552][info] [#0:script/workspace/workspace.lua:322]: Preload start:	file:///home/red/.config/nvim
[11:23:45.558][info] [#0:script/workspace/workspace.lua:328]: Scan files at:	file:///home/red/.config/nvim
[11:23:45.559][info] [#0:script/workspace/workspace.lua:322]: Preload start:	<fallback>
[11:23:45.563][info] [#0:script/workspace/workspace.lua:351]: Scan library at:	file:///home/red/.local/share/nvim/mason/packages/lua-language-server/libexec/meta/Lua%205.4%20en-us%20utf8/builtin.lua
[11:23:45.563][info] [#0:script/workspace/workspace.lua:351]: Scan library at:	file:///home/red/.local/share/nvim/mason/packages/lua-language-server/libexec/meta/Lua%205.4%20en-us%20utf8/string.lua
[11:23:45.563][info] [#0:script/workspace/workspace.lua:351]: Scan library at:	file:///home/red/.local/share/nvim/lazy/lazy.nvim/lua/lazy
[11:23:45.567][info] [#0:script/workspace/workspace.lua:351]: Scan library at:	file:///home/red/.local/share/nvim/mason/packages/lua-language-server/libexec/meta/Lua%205.4%20en-us%20utf8/builtin.lua
[11:23:45.567][info] [#0:script/workspace/workspace.lua:351]: Scan library at:	file:///home/red/.local/share/nvim/mason/packages/lua-language-server/libexec/meta/Lua%205.4%20en-us%20utf8/string.lua
[11:23:45.567][info] [#0:script/workspace/workspace.lua:351]: Scan library at:	file:///home/red/.local/share/nvim/lazy/lazy.nvim/lua/lazy
[11:23:45.569][info] [#0:script/workspace/workspace.lua:351]: Scan library at:	file:///home/red/.local/share/nvim/mason/packages/lua-language-server/libexec/meta/Lua%205.4%20en-us%20utf8/coroutine.lua
[11:23:45.569][info] [#0:script/workspace/workspace.lua:351]: Scan library at:	file:///home/red/.local/share/nvim/mason/packages/lua-language-server/libexec/meta/Lua%205.4%20en-us%20utf8/io.lua
[11:23:45.569][info] [#0:script/workspace/workspace.lua:351]: Scan library at:	file:///opt/nvim-linux64/share/nvim/runtime/lua/vim/lsp
[11:23:45.571][info] [#0:script/workspace/workspace.lua:351]: Scan library at:	file:///home/red/.local/share/nvim/mason/packages/lua-language-server/libexec/meta/Lua%205.4%20en-us%20utf8/table.lua
[11:23:45.571][info] [#0:script/workspace/workspace.lua:351]: Scan library at:	file:///home/red/.local/share/nvim/mason/packages/lua-language-server/libexec/meta/Lua%205.4%20en-us%20utf8/os.lua
[11:23:45.571][info] [#0:script/workspace/workspace.lua:351]: Scan library at:	file:///home/red/.local/share/nvim/mason/packages/lua-language-server/libexec/meta/Lua%205.4%20en-us%20utf8/package.lua
[11:23:45.571][info] [#0:script/workspace/workspace.lua:351]: Scan library at:	file:///home/red/.local/share/nvim/lazy/extensions/nvchad_types
[11:23:45.572][info] [#0:script/workspace/workspace.lua:351]: Scan library at:	file:///home/red/.local/share/nvim/mason/packages/lua-language-server/libexec/meta/Lua%205.4%20en-us%20utf8/utf8.lua
[11:23:45.572][info] [#0:script/workspace/workspace.lua:351]: Scan library at:	file:///home/red/.local/share/nvim/mason/packages/lua-language-server/libexec/meta/Lua%205.4%20en-us%20utf8/coroutine.lua
[11:23:45.572][info] [#0:script/workspace/workspace.lua:351]: Scan library at:	file:///home/red/.local/share/nvim/mason/packages/lua-language-server/libexec/meta/Lua%205.4%20en-us%20utf8/basic.lua
[11:23:45.573][info] [#0:script/workspace/workspace.lua:351]: Scan library at:	file:///home/red/.local/share/nvim/mason/packages/lua-language-server/libexec/meta/Lua%205.4%20en-us%20utf8/io.lua
[11:23:45.573][info] [#0:script/workspace/workspace.lua:351]: Scan library at:	file:///home/red/.local/share/nvim/mason/packages/lua-language-server/libexec/meta/Lua%205.4%20en-us%20utf8/math.lua
[11:23:45.573][info] [#0:script/workspace/workspace.lua:351]: Scan library at:	file:///opt/nvim-linux64/share/nvim/runtime/lua/vim/lsp
[11:23:45.573][info] [#0:script/workspace/workspace.lua:351]: Scan library at:	file:///opt/nvim-linux64/share/nvim/runtime/lua
[11:23:45.575][info] [#0:script/workspace/workspace.lua:351]: Scan library at:	file:///home/red/.local/share/nvim/mason/packages/lua-language-server/libexec/meta/Lua%205.4%20en-us%20utf8/table.lua
[11:23:45.576][info] [#0:script/workspace/workspace.lua:351]: Scan library at:	file:///home/red/.local/share/nvim/mason/packages/lua-language-server/libexec/meta/Lua%205.4%20en-us%20utf8/os.lua
[11:23:45.576][info] [#0:script/workspace/workspace.lua:351]: Scan library at:	file:///home/red/.local/share/nvim/mason/packages/lua-language-server/libexec/meta/Lua%205.4%20en-us%20utf8/package.lua
[11:23:45.577][info] [#0:script/workspace/workspace.lua:351]: Scan library at:	file:///home/red/.local/share/nvim/lazy/extensions/nvchad_types
[11:23:45.577][info] [#0:script/workspace/workspace.lua:351]: Scan library at:	file:///home/red/.local/share/nvim/mason/packages/lua-language-server/libexec/meta/Lua%205.4%20en-us%20utf8/utf8.lua
[11:23:45.577][info] [#0:script/workspace/workspace.lua:351]: Scan library at:	file:///home/red/.local/share/nvim/mason/packages/lua-language-server/libexec/meta/Lua%205.4%20en-us%20utf8/basic.lua
[11:23:45.577][info] [#0:script/workspace/workspace.lua:351]: Scan library at:	file:///home/red/.local/share/nvim/mason/packages/lua-language-server/libexec/meta/Lua%205.4%20en-us%20utf8/math.lua
[11:23:45.577][info] [#0:script/workspace/workspace.lua:351]: Scan library at:	file:///opt/nvim-linux64/share/nvim/runtime/lua
[11:23:45.581][info] [#0:script/workspace/workspace.lua:351]: Scan library at:	file:///home/red/.local/share/nvim/mason/packages/lua-language-server/libexec/meta/Lua%205.4%20en-us%20utf8/debug.lua
[11:23:45.582][info] [#0:script/workspace/workspace.lua:351]: Scan library at:	file:///home/red/.local/share/nvim/mason/packages/lua-language-server/libexec/meta/Lua%205.4%20en-us%20utf8/debug.lua
[11:23:45.683][info] [#0:script/workspace/workspace.lua:377]: Found 141 files at:	<fallback>
[11:23:45.683][info] [#0:script/workspace/loading.lua:161]: Load files from disk:	<fallback>
[11:23:45.683][info] [#0:script/workspace/workspace.lua:377]: Found 156 files at:	file:///home/red/.config/nvim
[11:23:45.683][info] [#0:script/workspace/loading.lua:161]: Load files from disk:	file:///home/red/.config/nvim
[11:23:45.684][info] [#0:script/workspace/loading.lua:101]: Preload file at: file:///home/red/.local/share/nvim/mason/packages/lua-language-server/libexec/meta/Lua%205.4%20en-us%20utf8/debug.lua , size = 7.637 KB
[11:23:45.694][info] [#0:script/workspace/loading.lua:113]: ++++As library of:	file:///home/red/.local/share/nvim/mason/packages/lua-language-server/libexec/meta/Lua%205.4%20en-us%20utf8/debug.lua
[11:23:45.694][info] [#0:script/workspace/loading.lua:98]: Skip loaded file: file:///home/red/.local/share/nvim/mason/packages/lua-language-server/libexec/meta/Lua%205.4%20en-us%20utf8/debug.lua
[11:23:45.694][info] [#0:script/workspace/loading.lua:101]: Preload file at: file:///opt/nvim-linux64/share/nvim/runtime/lua/_vim9script.lua , size = 15.439 KB
[11:23:45.709][info] [#0:script/workspace/loading.lua:113]: ++++As library of:	file:///opt/nvim-linux64/share/nvim/runtime/lua
[11:23:45.709][info] [#0:script/workspace/loading.lua:98]: Skip loaded file: file:///opt/nvim-linux64/share/nvim/runtime/lua/_vim9script.lua
[11:23:45.709][info] [#0:script/workspace/loading.lua:101]: Preload file at: file:///opt/nvim-linux64/share/nvim/runtime/lua/jit/dis_arm64.lua , size = 30.163 KB
[11:23:45.739][info] [#0:script/workspace/loading.lua:113]: ++++As library of:	file:///opt/nvim-linux64/share/nvim/runtime/lua
[11:23:45.739][info] [#0:script/workspace/loading.lua:98]: Skip loaded file: file:///opt/nvim-linux64/share/nvim/runtime/lua/jit/dis_arm64.lua
[11:23:45.739][info] [#0:script/workspace/loading.lua:101]: Preload file at: file:///opt/nvim-linux64/share/nvim/runtime/lua/jit/dis_mipsel.lua , size = 0.698 KB
[11:23:45.740][info] [#0:script/workspace/loading.lua:113]: ++++As library of:	file:///opt/nvim-linux64/share/nvim/runtime/lua
[11:23:45.740][info] [#0:script/workspace/loading.lua:98]: Skip loaded file: file:///opt/nvim-linux64/share/nvim/runtime/lua/jit/dis_mipsel.lua
[11:23:45.740][info] [#0:script/workspace/loading.lua:101]: Preload file at: file:///opt/nvim-linux64/share/nvim/runtime/lua/jit/dis_x64.lua , size = 0.695 KB
[11:23:45.741][info] [#0:script/workspace/loading.lua:113]: ++++As library of:	file:///opt/nvim-linux64/share/nvim/runtime/lua
[11:23:45.741][info] [#0:script/workspace/loading.lua:98]: Skip loaded file: file:///opt/nvim-linux64/share/nvim/runtime/lua/jit/dis_x64.lua
[11:23:45.741][info] [#0:script/workspace/loading.lua:101]: Preload file at: file:///opt/nvim-linux64/share/nvim/runtime/lua/jit/dis_ppc.lua , size = 19.825 KB
[11:23:45.755][info] [#0:script/workspace/loading.lua:113]: ++++As library of:	file:///opt/nvim-linux64/share/nvim/runtime/lua
[11:23:45.755][info] [#0:script/workspace/loading.lua:98]: Skip loaded file: file:///opt/nvim-linux64/share/nvim/runtime/lua/jit/dis_ppc.lua
[11:23:45.755][info] [#0:script/workspace/loading.lua:101]: Preload file at: file:///opt/nvim-linux64/share/nvim/runtime/lua/jit/zone.lua , size = 0.979 KB
[11:23:45.756][info] [#0:script/workspace/loading.lua:113]: ++++As library of:	file:///opt/nvim-linux64/share/nvim/runtime/lua
[11:23:45.756][info] [#0:script/workspace/loading.lua:98]: Skip loaded file: file:///opt/nvim-linux64/share/nvim/runtime/lua/jit/zone.lua
[11:23:45.756][info] [#0:script/workspace/loading.lua:101]: Preload file at: file:///opt/nvim-linux64/share/nvim/runtime/lua/jit/v.lua , size = 5.647 KB
[11:23:45.759][info] [#0:script/workspace/loading.lua:113]: ++++As library of:	file:///opt/nvim-linux64/share/nvim/runtime/lua
[11:23:45.759][info] [#0:script/workspace/loading.lua:98]: Skip loaded file: file:///opt/nvim-linux64/share/nvim/runtime/lua/jit/v.lua
[11:23:45.759][info] [#0:script/workspace/loading.lua:101]: Preload file at: file:///opt/nvim-linux64/share/nvim/runtime/lua/jit/dis_mips.lua , size = 21.494 KB
[11:23:45.782][info] [#0:script/workspace/loading.lua:113]: ++++As library of:	file:///opt/nvim-linux64/share/nvim/runtime/lua
[11:23:45.782][info] [#0:script/workspace/loading.lua:98]: Skip loaded file: file:///opt/nvim-linux64/share/nvim/runtime/lua/jit/dis_mips.lua
[11:23:45.782][info] [#0:script/workspace/loading.lua:101]: Preload file at: file:///opt/nvim-linux64/share/nvim/runtime/lua/jit/bcsave.lua , size = 19.096 KB
[11:23:45.796][info] [#0:script/workspace/loading.lua:113]: ++++As library of:	file:///opt/nvim-linux64/share/nvim/runtime/lua
[11:23:45.796][info] [#0:script/workspace/loading.lua:101]: Preload file at: file:///opt/nvim-linux64/share/nvim/runtime/lua/jit/p.lua , size = 8.962 KB
[11:23:45.803][info] [#0:script/workspace/loading.lua:113]: ++++As library of:	file:///opt/nvim-linux64/share/nvim/runtime/lua
[11:23:45.803][info] [#0:script/workspace/loading.lua:98]: Skip loaded file: file:///opt/nvim-linux64/share/nvim/runtime/lua/jit/bcsave.lua
[11:23:45.803][info] [#0:script/workspace/loading.lua:98]: Skip loaded file: file:///opt/nvim-linux64/share/nvim/runtime/lua/jit/p.lua
[11:23:45.803][info] [#0:script/workspace/loading.lua:101]: Preload file at: file:///opt/nvim-linux64/share/nvim/runtime/lua/jit/dis_mips64el.lua , size = 0.700 KB
[11:23:45.804][info] [#0:script/workspace/loading.lua:113]: ++++As library of:	file:///opt/nvim-linux64/share/nvim/runtime/lua
[11:23:45.804][info] [#0:script/workspace/loading.lua:98]: Skip loaded file: file:///opt/nvim-linux64/share/nvim/runtime/lua/jit/dis_mips64el.lua
[11:23:45.804][info] [#0:script/workspace/loading.lua:101]: Preload file at: file:///opt/nvim-linux64/share/nvim/runtime/lua/jit/vmdef.lua , size = 7.823 KB
[11:23:45.807][info] [#0:script/workspace/loading.lua:113]: ++++As library of:	file:///opt/nvim-linux64/share/nvim/runtime/lua
[11:23:45.807][info] [#0:script/workspace/loading.lua:101]: Preload file at: file:///opt/nvim-linux64/share/nvim/runtime/lua/jit/dis_arm64be.lua , size = 0.604 KB
[11:23:45.808][info] [#0:script/workspace/loading.lua:113]: ++++As library of:	file:///opt/nvim-linux64/share/nvim/runtime/lua
[11:23:45.808][info] [#0:script/workspace/loading.lua:98]: Skip loaded file: file:///opt/nvim-linux64/share/nvim/runtime/lua/jit/vmdef.lua
[11:23:45.808][info] [#0:script/workspace/loading.lua:98]: Skip loaded file: file:///opt/nvim-linux64/share/nvim/runtime/lua/jit/dis_arm64be.lua
[11:23:45.808][info] [#0:script/workspace/loading.lua:101]: Preload file at: file:///opt/nvim-linux64/share/nvim/runtime/lua/jit/bc.lua , size = 5.488 KB
[11:23:45.813][info] [#0:script/workspace/loading.lua:113]: ++++As library of:	file:///opt/nvim-linux64/share/nvim/runtime/lua
[11:23:45.813][info] [#0:script/workspace/loading.lua:98]: Skip loaded file: file:///opt/nvim-linux64/share/nvim/runtime/lua/jit/bc.lua
[11:23:45.813][info] [#0:script/workspace/loading.lua:101]: Preload file at: file:///opt/nvim-linux64/share/nvim/runtime/lua/jit/dis_mips64.lua , size = 0.689 KB
[11:23:45.813][info] [#0:script/workspace/loading.lua:113]: ++++As library of:	file:///opt/nvim-linux64/share/nvim/runtime/lua
[11:23:45.813][info] [#0:script/workspace/loading.lua:89]: Skip loaded file: file:///opt/nvim-linux64/share/nvim/runtime/lua/jit/dis_mips64.lua
[11:23:45.813][info] [#0:script/workspace/loading.lua:113]: ++++As library of:	file:///opt/nvim-linux64/share/nvim/runtime/lua
[11:23:45.814][info] [#0:script/workspace/loading.lua:101]: Preload file at: file:///opt/nvim-linux64/share/nvim/runtime/lua/jit/dis_x86.lua , size = 33.033 KB
[11:23:45.849][info] [#0:script/workspace/loading.lua:113]: ++++As library of:	file:///opt/nvim-linux64/share/nvim/runtime/lua
[11:23:45.849][info] [#0:script/workspace/loading.lua:98]: Skip loaded file: file:///opt/nvim-linux64/share/nvim/runtime/lua/jit/dis_x86.lua
[11:23:45.849][info] [#0:script/workspace/loading.lua:101]: Preload file at: file:///opt/nvim-linux64/share/nvim/runtime/lua/jit/dump.lua , size = 20.201 KB
[11:23:45.865][info] [#0:script/workspace/loading.lua:113]: ++++As library of:	file:///opt/nvim-linux64/share/nvim/runtime/lua
[11:23:45.865][info] [#0:script/workspace/loading.lua:98]: Skip loaded file: file:///opt/nvim-linux64/share/nvim/runtime/lua/jit/dump.lua
[11:23:45.865][info] [#0:script/workspace/loading.lua:101]: Preload file at: file:///opt/nvim-linux64/share/nvim/runtime/lua/jit/dis_arm.lua , size = 18.891 KB
[11:23:45.879][info] [#0:script/workspace/loading.lua:113]: ++++As library of:	file:///opt/nvim-linux64/share/nvim/runtime/lua
[11:23:45.879][info] [#0:script/workspace/loading.lua:98]: Skip loaded file: file:///opt/nvim-linux64/share/nvim/runtime/lua/jit/dis_arm.lua
[11:23:45.879][info] [#0:script/workspace/loading.lua:101]: Preload file at: file:///opt/nvim-linux64/share/nvim/runtime/lua/nvim/health.lua , size = 12.706 KB
[11:23:45.889][info] [#0:script/workspace/loading.lua:113]: ++++As library of:	file:///opt/nvim-linux64/share/nvim/runtime/lua
[11:23:45.889][info] [#0:script/workspace/loading.lua:98]: Skip loaded file: file:///opt/nvim-linux64/share/nvim/runtime/lua/nvim/health.lua
[11:23:45.889][info] [#0:script/workspace/loading.lua:101]: Preload file at: file:///opt/nvim-linux64/share/nvim/runtime/lua/editorconfig.lua , size = 6.716 KB
[11:23:45.895][info] [#0:script/workspace/loading.lua:113]: ++++As library of:	file:///opt/nvim-linux64/share/nvim/runtime/lua
[11:23:45.895][info] [#0:script/workspace/loading.lua:98]: Skip loaded file: file:///opt/nvim-linux64/share/nvim/runtime/lua/editorconfig.lua
[11:23:45.895][info] [#0:script/workspace/loading.lua:101]: Preload file at: file:///opt/nvim-linux64/share/nvim/runtime/lua/vim/_init_packages.lua , size = 2.773 KB
[11:23:45.897][info] [#0:script/workspace/loading.lua:113]: ++++As library of:	file:///opt/nvim-linux64/share/nvim/runtime/lua
[11:23:45.897][info] [#0:script/workspace/loading.lua:98]: Skip loaded file: file:///opt/nvim-linux64/share/nvim/runtime/lua/vim/_init_packages.lua
[11:23:45.897][info] [#0:script/workspace/loading.lua:101]: Preload file at: file:///opt/nvim-linux64/share/nvim/runtime/lua/vim/diagnostic.lua , size = 56.640 KB
[11:23:45.935][info] [#0:script/workspace/loading.lua:113]: ++++As library of:	file:///opt/nvim-linux64/share/nvim/runtime/lua
[11:23:45.935][info] [#0:script/workspace/loading.lua:89]: Skip loaded file: file:///opt/nvim-linux64/share/nvim/runtime/lua/vim/diagnostic.lua
[11:23:45.935][info] [#0:script/workspace/loading.lua:113]: ++++As library of:	file:///opt/nvim-linux64/share/nvim/runtime/lua
[11:23:45.935][info] [#0:script/workspace/loading.lua:101]: Preload file at: file:///opt/nvim-linux64/share/nvim/runtime/lua/vim/treesitter/language.lua , size = 3.528 KB
[11:23:45.953][info] [#0:script/workspace/loading.lua:113]: ++++As library of:	file:///opt/nvim-linux64/share/nvim/runtime/lua
[11:23:45.953][info] [#0:script/workspace/loading.lua:98]: Skip loaded file: file:///opt/nvim-linux64/share/nvim/runtime/lua/vim/treesitter/language.lua
[11:23:45.953][info] [#0:script/workspace/loading.lua:101]: Preload file at: file:///opt/nvim-linux64/share/nvim/runtime/lua/vim/treesitter/highlighter.lua , size = 8.781 KB
[11:23:45.962][info] [#0:script/workspace/loading.lua:113]: ++++As library of:	file:///opt/nvim-linux64/share/nvim/runtime/lua
[11:23:45.962][info] [#0:script/workspace/loading.lua:98]: Skip loaded file: file:///opt/nvim-linux64/share/nvim/runtime/lua/vim/treesitter/highlighter.lua
[11:23:45.962][info] [#0:script/workspace/loading.lua:101]: Preload file at: file:///opt/nvim-linux64/share/nvim/runtime/lua/vim/treesitter/_fold.lua , size = 8.207 KB
[11:23:45.969][info] [#0:script/workspace/loading.lua:113]: ++++As library of:	file:///opt/nvim-linux64/share/nvim/runtime/lua
[11:23:45.969][info] [#0:script/workspace/loading.lua:101]: Preload file at: file:///opt/nvim-linux64/share/nvim/runtime/lua/vim/treesitter/query.lua , size = 21.253 KB
[11:23:45.984][info] [#0:script/workspace/loading.lua:113]: ++++As library of:	file:///opt/nvim-linux64/share/nvim/runtime/lua
[11:23:45.984][info] [#0:script/workspace/loading.lua:98]: Skip loaded file: file:///opt/nvim-linux64/share/nvim/runtime/lua/vim/treesitter/_fold.lua
[11:23:45.984][info] [#0:script/workspace/loading.lua:89]: Skip loaded file: file:///opt/nvim-linux64/share/nvim/runtime/lua/vim/treesitter/query.lua
[11:23:45.984][info] [#0:script/workspace/loading.lua:113]: ++++As library of:	file:///opt/nvim-linux64/share/nvim/runtime/lua
[11:23:45.984][info] [#0:script/workspace/loading.lua:101]: Preload file at: file:///opt/nvim-linux64/share/nvim/runtime/lua/vim/treesitter/playground.lua , size = 12.551 KB
[11:23:45.994][info] [#0:script/workspace/loading.lua:113]: ++++As library of:	file:///opt/nvim-linux64/share/nvim/runtime/lua
[11:23:45.994][info] [#0:script/workspace/loading.lua:98]: Skip loaded file: file:///opt/nvim-linux64/share/nvim/runtime/lua/vim/treesitter/playground.lua
[11:23:45.994][info] [#0:script/workspace/loading.lua:101]: Preload file at: file:///opt/nvim-linux64/share/nvim/runtime/lua/vim/treesitter/languagetree.lua , size = 27.167 KB
[11:23:46.016][info] [#0:script/workspace/loading.lua:113]: ++++As library of:	file:///opt/nvim-linux64/share/nvim/runtime/lua
[11:23:46.016][info] [#0:script/workspace/loading.lua:101]: Preload file at: file:///opt/nvim-linux64/share/nvim/runtime/lua/vim/treesitter/_meta.lua , size = 2.839 KB
[11:23:46.020][info] [#0:script/workspace/loading.lua:113]: ++++As library of:	file:///opt/nvim-linux64/share/nvim/runtime/lua
[11:23:46.020][info] [#0:script/workspace/loading.lua:98]: Skip loaded file: file:///opt/nvim-linux64/share/nvim/runtime/lua/vim/treesitter/languagetree.lua
[11:23:46.020][info] [#0:script/workspace/loading.lua:98]: Skip loaded file: file:///opt/nvim-linux64/share/nvim/runtime/lua/vim/treesitter/_meta.lua
[11:23:46.020][info] [#0:script/workspace/loading.lua:101]: Preload file at: file:///opt/nvim-linux64/share/nvim/runtime/lua/vim/treesitter/_range.lua , size = 3.646 KB
[11:23:46.025][info] [#0:script/workspace/loading.lua:113]: ++++As library of:	file:///opt/nvim-linux64/share/nvim/runtime/lua
[11:23:46.025][info] [#0:script/workspace/loading.lua:98]: Skip loaded file: file:///opt/nvim-linux64/share/nvim/runtime/lua/vim/treesitter/_range.lua
[11:23:46.025][info] [#0:script/workspace/loading.lua:101]: Preload file at: file:///opt/nvim-linux64/share/nvim/runtime/lua/vim/treesitter/health.lua , size = 0.888 KB
[11:23:46.026][info] [#0:script/workspace/loading.lua:113]: ++++As library of:	file:///opt/nvim-linux64/share/nvim/runtime/lua
[11:23:46.026][info] [#0:script/workspace/loading.lua:98]: Skip loaded file: file:///opt/nvim-linux64/share/nvim/runtime/lua/vim/treesitter/health.lua
[11:23:46.026][info] [#0:script/workspace/loading.lua:101]: Preload file at: file:///opt/nvim-linux64/share/nvim/runtime/lua/vim/treesitter.lua , size = 15.225 KB
[11:23:46.037][info] [#0:script/workspace/loading.lua:113]: ++++As library of:	file:///opt/nvim-linux64/share/nvim/runtime/lua
[11:23:46.037][info] [#0:script/workspace/loading.lua:98]: Skip loaded file: file:///opt/nvim-linux64/share/nvim/runtime/lua/vim/treesitter.lua
[11:23:46.037][info] [#0:script/workspace/loading.lua:101]: Preload file at: file:///opt/nvim-linux64/share/nvim/runtime/lua/vim/shared.lua , size = 22.292 KB
[11:23:46.055][info] [#0:script/workspace/loading.lua:113]: ++++As library of:	file:///opt/nvim-linux64/share/nvim/runtime/lua
[11:23:46.055][info] [#0:script/workspace/loading.lua:98]: Skip loaded file: file:///opt/nvim-linux64/share/nvim/runtime/lua/vim/shared.lua
[11:23:46.055][info] [#0:script/workspace/loading.lua:101]: Preload file at: file:///opt/nvim-linux64/share/nvim/runtime/lua/vim/_inspector.lua , size = 7.915 KB
[11:23:46.062][info] [#0:script/workspace/loading.lua:113]: ++++As library of:	file:///opt/nvim-linux64/share/nvim/runtime/lua
[11:23:46.062][info] [#0:script/workspace/loading.lua:98]: Skip loaded file: file:///opt/nvim-linux64/share/nvim/runtime/lua/vim/_inspector.lua
[11:23:46.063][info] [#0:script/workspace/loading.lua:101]: Preload file at: file:///opt/nvim-linux64/share/nvim/runtime/lua/vim/keymap.lua , size = 3.573 KB
[11:23:46.065][info] [#0:script/workspace/loading.lua:113]: ++++As library of:	file:///opt/nvim-linux64/share/nvim/runtime/lua
[11:23:46.066][info] [#0:script/workspace/loading.lua:98]: Skip loaded file: file:///opt/nvim-linux64/share/nvim/runtime/lua/vim/keymap.lua
[11:23:46.066][info] [#0:script/workspace/loading.lua:101]: Preload file at: file:///opt/nvim-linux64/share/nvim/runtime/lua/vim/_watch.lua , size = 5.387 KB
[11:23:46.070][info] [#0:script/workspace/loading.lua:113]: ++++As library of:	file:///opt/nvim-linux64/share/nvim/runtime/lua
[11:23:46.070][info] [#0:script/workspace/loading.lua:98]: Skip loaded file: file:///opt/nvim-linux64/share/nvim/runtime/lua/vim/_watch.lua
[11:23:46.070][info] [#0:script/workspace/loading.lua:101]: Preload file at: file:///opt/nvim-linux64/share/nvim/runtime/lua/vim/fs.lua , size = 10.662 KB
[11:23:46.079][info] [#0:script/workspace/loading.lua:113]: ++++As library of:	file:///opt/nvim-linux64/share/nvim/runtime/lua
[11:23:46.079][info] [#0:script/workspace/loading.lua:101]: Preload file at: file:///opt/nvim-linux64/share/nvim/runtime/lua/vim/filetype/options.lua , size = 2.561 KB
[11:23:46.102][info] [#0:script/workspace/loading.lua:113]: ++++As library of:	file:///opt/nvim-linux64/share/nvim/runtime/lua
[11:23:46.102][info] [#0:script/workspace/loading.lua:98]: Skip loaded file: file:///opt/nvim-linux64/share/nvim/runtime/lua/vim/fs.lua
[11:23:46.102][info] [#0:script/workspace/loading.lua:98]: Skip loaded file: file:///opt/nvim-linux64/share/nvim/runtime/lua/vim/filetype/options.lua
[11:23:46.102][info] [#0:script/workspace/loading.lua:101]: Preload file at: file:///opt/nvim-linux64/share/nvim/runtime/lua/vim/filetype/detect.lua , size = 47.659 KB
[11:23:46.137][info] [#0:script/workspace/loading.lua:113]: ++++As library of:	file:///opt/nvim-linux64/share/nvim/runtime/lua
[11:23:46.137][info] [#0:script/workspace/loading.lua:89]: Skip loaded file: file:///opt/nvim-linux64/share/nvim/runtime/lua/vim/filetype/detect.lua
[11:23:46.137][info] [#0:script/workspace/loading.lua:113]: ++++As library of:	file:///opt/nvim-linux64/share/nvim/runtime/lua
[11:23:46.138][info] [#0:script/workspace/loading.lua:101]: Preload file at: file:///opt/nvim-linux64/share/nvim/runtime/lua/vim/highlight.lua , size = 3.749 KB
[11:23:46.141][info] [#0:script/workspace/loading.lua:113]: ++++As library of:	file:///opt/nvim-linux64/share/nvim/runtime/lua
[11:23:46.141][info] [#0:script/workspace/loading.lua:101]: Preload file at: file:///opt/nvim-linux64/share/nvim/runtime/lua/vim/ui.lua , size = 3.672 KB
[11:23:46.143][info] [#0:script/workspace/loading.lua:113]: ++++As library of:	file:///opt/nvim-linux64/share/nvim/runtime/lua
[11:23:46.143][info] [#0:script/workspace/loading.lua:98]: Skip loaded file: file:///opt/nvim-linux64/share/nvim/runtime/lua/vim/highlight.lua
[11:23:46.143][info] [#0:script/workspace/loading.lua:98]: Skip loaded file: file:///opt/nvim-linux64/share/nvim/runtime/lua/vim/ui.lua
[11:23:46.143][info] [#0:script/workspace/loading.lua:101]: Preload file at: file:///opt/nvim-linux64/share/nvim/runtime/lua/vim/loader.lua , size = 16.182 KB
[11:23:46.157][info] [#0:script/workspace/loading.lua:113]: ++++As library of:	file:///opt/nvim-linux64/share/nvim/runtime/lua
[11:23:46.157][info] [#0:script/workspace/loading.lua:98]: Skip loaded file: file:///opt/nvim-linux64/share/nvim/runtime/lua/vim/loader.lua
[11:23:46.157][info] [#0:script/workspace/loading.lua:101]: Preload file at: file:///opt/nvim-linux64/share/nvim/runtime/lua/vim/_meta.lua , size = 12.077 KB
[11:23:46.167][info] [#0:script/workspace/loading.lua:113]: ++++As library of:	file:///opt/nvim-linux64/share/nvim/runtime/lua
[11:23:46.167][info] [#0:script/workspace/loading.lua:98]: Skip loaded file: file:///opt/nvim-linux64/share/nvim/runtime/lua/vim/_meta.lua
[11:23:46.167][info] [#0:script/workspace/loading.lua:101]: Preload file at: file:///opt/nvim-linux64/share/nvim/runtime/lua/vim/lsp.lua , size = 82.409 KB
[11:23:46.214][info] [#0:script/workspace/loading.lua:113]: ++++As library of:	file:///opt/nvim-linux64/share/nvim/runtime/lua
[11:23:46.215][info] [#0:script/workspace/loading.lua:101]: Preload file at: file:///opt/nvim-linux64/share/nvim/runtime/lua/vim/version.lua , size = 12.146 KB
[11:23:46.225][info] [#0:script/workspace/loading.lua:113]: ++++As library of:	file:///opt/nvim-linux64/share/nvim/runtime/lua
[11:23:46.225][info] [#0:script/workspace/loading.lua:98]: Skip loaded file: file:///opt/nvim-linux64/share/nvim/runtime/lua/vim/lsp.lua
[11:23:46.225][info] [#0:script/workspace/loading.lua:98]: Skip loaded file: file:///opt/nvim-linux64/share/nvim/runtime/lua/vim/version.lua
[11:23:46.225][info] [#0:script/workspace/loading.lua:101]: Preload file at: file:///opt/nvim-linux64/share/nvim/runtime/lua/vim/uri.lua , size = 3.376 KB
[11:23:46.228][info] [#0:script/workspace/loading.lua:113]: ++++As library of:	file:///opt/nvim-linux64/share/nvim/runtime/lua
[11:23:46.228][info] [#0:script/workspace/loading.lua:98]: Skip loaded file: file:///opt/nvim-linux64/share/nvim/runtime/lua/vim/uri.lua
[11:23:46.230][info] [#0:script/workspace/loading.lua:101]: Preload file at: file:///opt/nvim-linux64/share/nvim/runtime/lua/vim/inspect.lua , size = 8.864 KB
[11:23:46.238][info] [#0:script/workspace/loading.lua:113]: ++++As library of:	file:///opt/nvim-linux64/share/nvim/runtime/lua
[11:23:46.238][info] [#0:script/workspace/loading.lua:89]: Skip loaded file: file:///opt/nvim-linux64/share/nvim/runtime/lua/vim/inspect.lua
[11:23:46.238][info] [#0:script/workspace/loading.lua:113]: ++++As library of:	file:///opt/nvim-linux64/share/nvim/runtime/lua
[11:23:46.238][info] [#0:script/workspace/loading.lua:101]: Preload file at: file:///opt/nvim-linux64/share/nvim/runtime/lua/vim/health.lua , size = 1.782 KB
[11:23:46.240][info] [#0:script/workspace/loading.lua:113]: ++++As library of:	file:///opt/nvim-linux64/share/nvim/runtime/lua
[11:23:46.240][info] [#0:script/workspace/loading.lua:98]: Skip loaded file: file:///opt/nvim-linux64/share/nvim/runtime/lua/vim/health.lua
[11:23:46.240][info] [#0:script/workspace/loading.lua:101]: Preload file at: file:///opt/nvim-linux64/share/nvim/runtime/lua/vim/_editor.lua , size = 29.339 KB
[11:23:46.261][info] [#0:script/workspace/loading.lua:113]: ++++As library of:	file:///opt/nvim-linux64/share/nvim/runtime/lua
[11:23:46.261][info] [#0:script/workspace/loading.lua:98]: Skip loaded file: file:///opt/nvim-linux64/share/nvim/runtime/lua/vim/_editor.lua
[11:23:46.261][info] [#0:script/workspace/loading.lua:101]: Preload file at: file:///opt/nvim-linux64/share/nvim/runtime/lua/vim/filetype.lua , size = 74.400 KB
[11:23:46.340][info] [#0:script/workspace/loading.lua:113]: ++++As library of:	file:///opt/nvim-linux64/share/nvim/runtime/lua
[11:23:46.340][info] [#0:script/workspace/loading.lua:98]: Skip loaded file: file:///opt/nvim-linux64/share/nvim/runtime/lua/vim/filetype.lua
[11:23:46.340][info] [#0:script/workspace/loading.lua:101]: Preload file at: file:///opt/nvim-linux64/share/nvim/runtime/lua/vim/lsp/protocol.lua , size = 28.367 KB
[11:23:46.349][info] [#0:script/workspace/loading.lua:113]: ++++As library of:	file:///opt/nvim-linux64/share/nvim/runtime/lua
[11:23:46.349][info] [#0:script/workspace/loading.lua:98]: Skip loaded file: file:///opt/nvim-linux64/share/nvim/runtime/lua/vim/lsp/protocol.lua
[11:23:46.349][info] [#0:script/workspace/loading.lua:101]: Preload file at: file:///opt/nvim-linux64/share/nvim/runtime/lua/vim/lsp/_watchfiles.lua , size = 9.620 KB
[11:23:46.355][info] [#0:script/workspace/loading.lua:113]: ++++As library of:	file:///opt/nvim-linux64/share/nvim/runtime/lua
[11:23:46.355][info] [#0:script/workspace/loading.lua:98]: Skip loaded file: file:///opt/nvim-linux64/share/nvim/runtime/lua/vim/lsp/_watchfiles.lua
[11:23:46.355][info] [#0:script/workspace/loading.lua:101]: Preload file at: file:///opt/nvim-linux64/share/nvim/runtime/lua/vim/lsp/diagnostic.lua , size = 8.867 KB
[11:23:46.361][info] [#0:script/workspace/loading.lua:113]: ++++As library of:	file:///opt/nvim-linux64/share/nvim/runtime/lua
[11:23:46.361][info] [#0:script/workspace/loading.lua:89]: Skip loaded file: file:///opt/nvim-linux64/share/nvim/runtime/lua/vim/lsp/diagnostic.lua
[11:23:46.361][info] [#0:script/workspace/loading.lua:113]: ++++As library of:	file:///opt/nvim-linux64/share/nvim/runtime/lua
[11:23:46.361][info] [#0:script/workspace/loading.lua:101]: Preload file at: file:///opt/nvim-linux64/share/nvim/runtime/lua/vim/lsp/_snippet.lua , size = 10.744 KB
[11:23:46.371][info] [#0:script/workspace/loading.lua:113]: ++++As library of:	file:///opt/nvim-linux64/share/nvim/runtime/lua
[11:23:46.371][info] [#0:script/workspace/loading.lua:98]: Skip loaded file: file:///opt/nvim-linux64/share/nvim/runtime/lua/vim/lsp/_snippet.lua
[11:23:46.371][info] [#0:script/workspace/loading.lua:101]: Preload file at: file:///opt/nvim-linux64/share/nvim/runtime/lua/vim/lsp/handlers.lua , size = 23.587 KB
[11:23:46.387][info] [#0:script/workspace/loading.lua:113]: ++++As library of:	file:///opt/nvim-linux64/share/nvim/runtime/lua
[11:23:46.387][info] [#0:script/workspace/loading.lua:98]: Skip loaded file: file:///opt/nvim-linux64/share/nvim/runtime/lua/vim/lsp/handlers.lua
[11:23:46.387][info] [#0:script/workspace/loading.lua:101]: Preload file at: file:///opt/nvim-linux64/share/nvim/runtime/lua/vim/lsp/sync.lua , size = 15.681 KB
[11:23:46.396][info] [#0:script/workspace/loading.lua:113]: ++++As library of:	file:///opt/nvim-linux64/share/nvim/runtime/lua
[11:23:46.396][info] [#0:script/workspace/loading.lua:89]: Skip loaded file: file:///opt/nvim-linux64/share/nvim/runtime/lua/vim/lsp/sync.lua
[11:23:46.397][info] [#0:script/workspace/loading.lua:113]: ++++As library of:	file:///opt/nvim-linux64/share/nvim/runtime/lua
[11:23:46.397][info] [#0:script/workspace/loading.lua:101]: Preload file at: file:///opt/nvim-linux64/share/nvim/runtime/lua/vim/lsp/semantic_tokens.lua , size = 25.936 KB
[11:23:46.414][info] [#0:script/workspace/loading.lua:113]: ++++As library of:	file:///opt/nvim-linux64/share/nvim/runtime/lua
[11:23:46.414][info] [#0:script/workspace/loading.lua:98]: Skip loaded file: file:///opt/nvim-linux64/share/nvim/runtime/lua/vim/lsp/semantic_tokens.lua
[11:23:46.414][info] [#0:script/workspace/loading.lua:101]: Preload file at: file:///opt/nvim-linux64/share/nvim/runtime/lua/vim/lsp/buf.lua , size = 27.860 KB
[11:23:46.432][info] [#0:script/workspace/loading.lua:113]: ++++As library of:	file:///opt/nvim-linux64/share/nvim/runtime/lua
[11:23:46.432][info] [#0:script/workspace/loading.lua:89]: Skip loaded file: file:///opt/nvim-linux64/share/nvim/runtime/lua/vim/lsp/buf.lua
[11:23:46.432][info] [#0:script/workspace/loading.lua:113]: ++++As library of:	file:///opt/nvim-linux64/share/nvim/runtime/lua
[11:23:46.432][info] [#0:script/workspace/loading.lua:101]: Preload file at: file:///opt/nvim-linux64/share/nvim/runtime/lua/vim/lsp/codelens.lua , size = 8.261 KB
[11:23:46.439][info] [#0:script/workspace/loading.lua:113]: ++++As library of:	file:///opt/nvim-linux64/share/nvim/runtime/lua
[11:23:46.439][info] [#0:script/workspace/loading.lua:101]: Preload file at: file:///opt/nvim-linux64/share/nvim/runtime/lua/vim/lsp/log.lua , size = 5.151 KB
[11:23:46.445][info] [#0:script/workspace/loading.lua:113]: ++++As library of:	file:///opt/nvim-linux64/share/nvim/runtime/lua
[11:23:46.445][info] [#0:script/workspace/loading.lua:98]: Skip loaded file: file:///opt/nvim-linux64/share/nvim/runtime/lua/vim/lsp/codelens.lua
[11:23:46.445][info] [#0:script/workspace/loading.lua:89]: Skip loaded file: file:///opt/nvim-linux64/share/nvim/runtime/lua/vim/lsp/log.lua
[11:23:46.445][info] [#0:script/workspace/loading.lua:113]: ++++As library of:	file:///opt/nvim-linux64/share/nvim/runtime/lua
[11:23:46.446][info] [#0:script/workspace/loading.lua:101]: Preload file at: file:///opt/nvim-linux64/share/nvim/runtime/lua/vim/lsp/health.lua , size = 1.240 KB
[11:23:46.447][info] [#0:script/workspace/loading.lua:113]: ++++As library of:	file:///opt/nvim-linux64/share/nvim/runtime/lua
[11:23:46.447][info] [#0:script/workspace/loading.lua:98]: Skip loaded file: file:///opt/nvim-linux64/share/nvim/runtime/lua/vim/lsp/health.lua
[11:23:46.447][info] [#0:script/workspace/loading.lua:101]: Preload file at: file:///opt/nvim-linux64/share/nvim/runtime/lua/vim/lsp/types.lua , size = 0.924 KB
[11:23:46.449][info] [#0:script/workspace/loading.lua:113]: ++++As library of:	file:///opt/nvim-linux64/share/nvim/runtime/lua
[11:23:46.449][info] [#0:script/workspace/loading.lua:89]: Skip loaded file: file:///opt/nvim-linux64/share/nvim/runtime/lua/vim/lsp/types.lua
[11:23:46.449][info] [#0:script/workspace/loading.lua:113]: ++++As library of:	file:///opt/nvim-linux64/share/nvim/runtime/lua
[11:23:46.449][info] [#0:script/workspace/loading.lua:101]: Preload file at: file:///opt/nvim-linux64/share/nvim/runtime/lua/vim/lsp/tagfunc.lua , size = 2.339 KB
[11:23:46.451][info] [#0:script/workspace/loading.lua:113]: ++++As library of:	file:///opt/nvim-linux64/share/nvim/runtime/lua
[11:23:46.452][info] [#0:script/workspace/loading.lua:98]: Skip loaded file: file:///opt/nvim-linux64/share/nvim/runtime/lua/vim/lsp/tagfunc.lua
[11:23:46.452][info] [#0:script/workspace/loading.lua:101]: Preload file at: file:///opt/nvim-linux64/share/nvim/runtime/lua/vim/lsp/util.lua , size = 70.764 KB
[11:23:46.507][info] [#0:script/workspace/loading.lua:113]: ++++As library of:	file:///opt/nvim-linux64/share/nvim/runtime/lua
[11:23:46.507][info] [#0:script/workspace/loading.lua:89]: Skip loaded file: file:///opt/nvim-linux64/share/nvim/runtime/lua/vim/lsp/util.lua
[11:23:46.507][info] [#0:script/workspace/loading.lua:113]: ++++As library of:	file:///opt/nvim-linux64/share/nvim/runtime/lua
[11:23:46.508][info] [#0:script/workspace/loading.lua:101]: Preload file at: file:///opt/nvim-linux64/share/nvim/runtime/lua/vim/lsp/rpc.lua , size = 23.695 KB
[11:23:46.526][info] [#0:script/workspace/loading.lua:113]: ++++As library of:	file:///opt/nvim-linux64/share/nvim/runtime/lua
[11:23:46.526][info] [#0:script/workspace/loading.lua:101]: Preload file at: file:///opt/nvim-linux64/share/nvim/runtime/lua/vim/secure.lua , size = 4.830 KB
[11:23:46.531][info] [#0:script/workspace/loading.lua:113]: ++++As library of:	file:///opt/nvim-linux64/share/nvim/runtime/lua
[11:23:46.531][info] [#0:script/workspace/loading.lua:98]: Skip loaded file: file:///opt/nvim-linux64/share/nvim/runtime/lua/vim/secure.lua
[11:23:46.531][info] [#0:script/workspace/loading.lua:101]: Preload file at: file:///opt/nvim-linux64/share/nvim/runtime/lua/vim/F.lua , size = 0.824 KB
[11:23:46.532][info] [#0:script/workspace/loading.lua:113]: ++++As library of:	file:///opt/nvim-linux64/share/nvim/runtime/lua
[11:23:46.533][info] [#0:script/workspace/loading.lua:98]: Skip loaded file: file:///opt/nvim-linux64/share/nvim/runtime/lua/vim/F.lua
[11:23:46.533][info] [#0:script/workspace/loading.lua:98]: Skip loaded file: file:///opt/nvim-linux64/share/nvim/runtime/lua/vim/lsp/rpc.lua
[11:23:46.533][info] [#0:script/workspace/loading.lua:101]: Preload file at: file:///opt/nvim-linux64/share/nvim/runtime/lua/man.lua , size = 25.082 KB
[11:23:46.554][info] [#0:script/workspace/loading.lua:113]: ++++As library of:	file:///opt/nvim-linux64/share/nvim/runtime/lua
[11:23:46.554][info] [#0:script/workspace/loading.lua:98]: Skip loaded file: file:///opt/nvim-linux64/share/nvim/runtime/lua/man.lua
[11:23:46.554][info] [#0:script/workspace/loading.lua:101]: Preload file at: file:///home/red/.local/share/nvim/mason/packages/lua-language-server/libexec/meta/Lua%205.4%20en-us%20utf8/math.lua , size = 8.731 KB
[11:23:46.562][info] [#0:script/workspace/loading.lua:113]: ++++As library of:	file:///home/red/.local/share/nvim/mason/packages/lua-language-server/libexec/meta/Lua%205.4%20en-us%20utf8/math.lua
[11:23:46.562][info] [#0:script/workspace/loading.lua:98]: Skip loaded file: file:///home/red/.local/share/nvim/mason/packages/lua-language-server/libexec/meta/Lua%205.4%20en-us%20utf8/math.lua
[11:23:46.562][info] [#0:script/workspace/loading.lua:101]: Preload file at: file:///home/red/.local/share/nvim/mason/packages/lua-language-server/libexec/meta/Lua%205.4%20en-us%20utf8/basic.lua , size = 15.185 KB
[11:23:46.573][info] [#0:script/workspace/loading.lua:113]: ++++As library of:	file:///home/red/.local/share/nvim/mason/packages/lua-language-server/libexec/meta/Lua%205.4%20en-us%20utf8/basic.lua
[11:23:46.573][info] [#0:script/workspace/loading.lua:98]: Skip loaded file: file:///home/red/.local/share/nvim/mason/packages/lua-language-server/libexec/meta/Lua%205.4%20en-us%20utf8/basic.lua
[11:23:46.573][info] [#0:script/workspace/loading.lua:101]: Preload file at: file:///home/red/.local/share/nvim/mason/packages/lua-language-server/libexec/meta/Lua%205.4%20en-us%20utf8/utf8.lua , size = 2.386 KB
[11:23:46.575][info] [#0:script/workspace/loading.lua:113]: ++++As library of:	file:///home/red/.local/share/nvim/mason/packages/lua-language-server/libexec/meta/Lua%205.4%20en-us%20utf8/utf8.lua
[11:23:46.575][info] [#0:script/workspace/loading.lua:98]: Skip loaded file: file:///home/red/.local/share/nvim/mason/packages/lua-language-server/libexec/meta/Lua%205.4%20en-us%20utf8/utf8.lua
[11:23:46.575][info] [#0:script/workspace/loading.lua:101]: Preload file at: file:///home/red/.local/share/nvim/lazy/extensions/nvchad_types/themes.lua , size = 4.698 KB
[11:23:46.579][info] [#0:script/workspace/loading.lua:113]: ++++As library of:	file:///home/red/.local/share/nvim/lazy/extensions/nvchad_types
[11:23:46.579][info] [#0:script/workspace/loading.lua:101]: Preload file at: file:///home/red/.local/share/nvim/lazy/extensions/nvchad_types/keymaps.lua , size = 1.461 KB
[11:23:46.580][info] [#0:script/workspace/loading.lua:113]: ++++As library of:	file:///home/red/.local/share/nvim/lazy/extensions/nvchad_types
[11:23:46.580][info] [#0:script/workspace/loading.lua:98]: Skip loaded file: file:///home/red/.local/share/nvim/lazy/extensions/nvchad_types/themes.lua
[11:23:46.580][info] [#0:script/workspace/loading.lua:98]: Skip loaded file: file:///home/red/.local/share/nvim/lazy/extensions/nvchad_types/keymaps.lua
[11:23:46.580][info] [#0:script/workspace/loading.lua:101]: Preload file at: file:///home/red/.local/share/nvim/lazy/extensions/nvchad_types/base46.lua , size = 4.208 KB
[11:23:46.584][info] [#0:script/workspace/loading.lua:113]: ++++As library of:	file:///home/red/.local/share/nvim/lazy/extensions/nvchad_types
[11:23:46.584][info] [#0:script/workspace/loading.lua:98]: Skip loaded file: file:///home/red/.local/share/nvim/lazy/extensions/nvchad_types/base46.lua
[11:23:46.584][info] [#0:script/workspace/loading.lua:101]: Preload file at: file:///home/red/.local/share/nvim/lazy/extensions/nvchad_types/plugins.lua , size = 5.674 KB
[11:23:46.587][info] [#0:script/workspace/loading.lua:113]: ++++As library of:	file:///home/red/.local/share/nvim/lazy/extensions/nvchad_types
[11:23:46.587][info] [#0:script/workspace/loading.lua:98]: Skip loaded file: file:///home/red/.local/share/nvim/lazy/extensions/nvchad_types/plugins.lua
[11:23:46.587][info] [#0:script/workspace/loading.lua:101]: Preload file at: file:///home/red/.local/share/nvim/lazy/extensions/nvchad_types/all_hl_groups.lua , size = 32.131 KB
[11:23:46.651][info] [#0:script/workspace/loading.lua:113]: ++++As library of:	file:///home/red/.local/share/nvim/lazy/extensions/nvchad_types
[11:23:46.651][info] [#0:script/workspace/loading.lua:89]: Skip loaded file: file:///home/red/.local/share/nvim/lazy/extensions/nvchad_types/all_hl_groups.lua
[11:23:46.651][info] [#0:script/workspace/loading.lua:113]: ++++As library of:	file:///home/red/.local/share/nvim/lazy/extensions/nvchad_types
[11:23:46.652][info] [#0:script/workspace/loading.lua:89]: Skip loaded file: file:///opt/nvim-linux64/share/nvim/runtime/lua/vim/lsp/protocol.lua
[11:23:46.652][info] [#0:script/workspace/loading.lua:113]: ++++As library of:	file:///opt/nvim-linux64/share/nvim/runtime/lua/vim/lsp
[11:23:46.652][info] [#0:script/workspace/loading.lua:101]: Preload file at: file:///home/red/.local/share/nvim/lazy/extensions/nvchad_types/chadrc.lua , size = 8.549 KB
[11:23:46.657][info] [#0:script/workspace/loading.lua:113]: ++++As library of:	file:///home/red/.local/share/nvim/lazy/extensions/nvchad_types
[11:23:46.657][info] [#0:script/workspace/loading.lua:98]: Skip loaded file: file:///home/red/.local/share/nvim/lazy/extensions/nvchad_types/chadrc.lua
[11:23:46.657][info] [#0:script/workspace/loading.lua:101]: Preload file at: file:///home/red/.local/share/nvim/mason/packages/lua-language-server/libexec/meta/Lua%205.4%20en-us%20utf8/package.lua , size = 2.944 KB
[11:23:46.660][info] [#0:script/workspace/loading.lua:113]: ++++As library of:	file:///home/red/.local/share/nvim/mason/packages/lua-language-server/libexec/meta/Lua%205.4%20en-us%20utf8/package.lua
[11:23:46.660][info] [#0:script/workspace/loading.lua:98]: Skip loaded file: file:///home/red/.local/share/nvim/mason/packages/lua-language-server/libexec/meta/Lua%205.4%20en-us%20utf8/package.lua
[11:23:46.660][info] [#0:script/workspace/loading.lua:101]: Preload file at: file:///home/red/.local/share/nvim/mason/packages/lua-language-server/libexec/meta/Lua%205.4%20en-us%20utf8/os.lua , size = 4.347 KB
[11:23:46.664][info] [#0:script/workspace/loading.lua:113]: ++++As library of:	file:///home/red/.local/share/nvim/mason/packages/lua-language-server/libexec/meta/Lua%205.4%20en-us%20utf8/os.lua
[11:23:46.664][info] [#0:script/workspace/loading.lua:98]: Skip loaded file: file:///home/red/.local/share/nvim/mason/packages/lua-language-server/libexec/meta/Lua%205.4%20en-us%20utf8/os.lua
[11:23:46.664][info] [#0:script/workspace/loading.lua:101]: Preload file at: file:///home/red/.local/share/nvim/mason/packages/lua-language-server/libexec/meta/Lua%205.4%20en-us%20utf8/table.lua , size = 4.230 KB
[11:23:46.667][info] [#0:script/workspace/loading.lua:113]: ++++As library of:	file:///home/red/.local/share/nvim/mason/packages/lua-language-server/libexec/meta/Lua%205.4%20en-us%20utf8/table.lua
[11:23:46.667][info] [#0:script/workspace/loading.lua:98]: Skip loaded file: file:///home/red/.local/share/nvim/mason/packages/lua-language-server/libexec/meta/Lua%205.4%20en-us%20utf8/table.lua
[11:23:46.667][info] [#0:script/workspace/loading.lua:89]: Skip loaded file: file:///opt/nvim-linux64/share/nvim/runtime/lua/vim/lsp/protocol.lua
[11:23:46.667][info] [#0:script/workspace/loading.lua:113]: ++++As library of:	file:///opt/nvim-linux64/share/nvim/runtime/lua/vim/lsp
[11:23:46.667][info] [#0:script/workspace/loading.lua:89]: Skip loaded file: file:///opt/nvim-linux64/share/nvim/runtime/lua/vim/lsp/_watchfiles.lua
[11:23:46.667][info] [#0:script/workspace/loading.lua:113]: ++++As library of:	file:///opt/nvim-linux64/share/nvim/runtime/lua/vim/lsp
[11:23:46.667][info] [#0:script/workspace/loading.lua:89]: Skip loaded file: file:///opt/nvim-linux64/share/nvim/runtime/lua/vim/lsp/_watchfiles.lua
[11:23:46.667][info] [#0:script/workspace/loading.lua:113]: ++++As library of:	file:///opt/nvim-linux64/share/nvim/runtime/lua/vim/lsp
[11:23:46.667][info] [#0:script/workspace/loading.lua:89]: Skip loaded file: file:///opt/nvim-linux64/share/nvim/runtime/lua/vim/lsp/diagnostic.lua
[11:23:46.667][info] [#0:script/workspace/loading.lua:113]: ++++As library of:	file:///opt/nvim-linux64/share/nvim/runtime/lua/vim/lsp
[11:23:46.667][info] [#0:script/workspace/loading.lua:89]: Skip loaded file: file:///opt/nvim-linux64/share/nvim/runtime/lua/vim/lsp/diagnostic.lua
[11:23:46.667][info] [#0:script/workspace/loading.lua:113]: ++++As library of:	file:///opt/nvim-linux64/share/nvim/runtime/lua/vim/lsp
[11:23:46.667][info] [#0:script/workspace/loading.lua:89]: Skip loaded file: file:///opt/nvim-linux64/share/nvim/runtime/lua/vim/lsp/_snippet.lua
[11:23:46.667][info] [#0:script/workspace/loading.lua:113]: ++++As library of:	file:///opt/nvim-linux64/share/nvim/runtime/lua/vim/lsp
[11:23:46.667][info] [#0:script/workspace/loading.lua:89]: Skip loaded file: file:///opt/nvim-linux64/share/nvim/runtime/lua/vim/lsp/_snippet.lua
[11:23:46.667][info] [#0:script/workspace/loading.lua:113]: ++++As library of:	file:///opt/nvim-linux64/share/nvim/runtime/lua/vim/lsp
[11:23:46.667][info] [#0:script/workspace/loading.lua:89]: Skip loaded file: file:///opt/nvim-linux64/share/nvim/runtime/lua/vim/lsp/handlers.lua
[11:23:46.667][info] [#0:script/workspace/loading.lua:113]: ++++As library of:	file:///opt/nvim-linux64/share/nvim/runtime/lua/vim/lsp
[11:23:46.667][info] [#0:script/workspace/loading.lua:89]: Skip loaded file: file:///opt/nvim-linux64/share/nvim/runtime/lua/vim/lsp/handlers.lua
[11:23:46.667][info] [#0:script/workspace/loading.lua:113]: ++++As library of:	file:///opt/nvim-linux64/share/nvim/runtime/lua/vim/lsp
[11:23:46.667][info] [#0:script/workspace/loading.lua:89]: Skip loaded file: file:///opt/nvim-linux64/share/nvim/runtime/lua/vim/lsp/sync.lua
[11:23:46.667][info] [#0:script/workspace/loading.lua:113]: ++++As library of:	file:///opt/nvim-linux64/share/nvim/runtime/lua/vim/lsp
[11:23:46.667][info] [#0:script/workspace/loading.lua:89]: Skip loaded file: file:///opt/nvim-linux64/share/nvim/runtime/lua/vim/lsp/sync.lua
[11:23:46.667][info] [#0:script/workspace/loading.lua:113]: ++++As library of:	file:///opt/nvim-linux64/share/nvim/runtime/lua/vim/lsp
[11:23:46.667][info] [#0:script/workspace/loading.lua:89]: Skip loaded file: file:///opt/nvim-linux64/share/nvim/runtime/lua/vim/lsp/semantic_tokens.lua
[11:23:46.667][info] [#0:script/workspace/loading.lua:113]: ++++As library of:	file:///opt/nvim-linux64/share/nvim/runtime/lua/vim/lsp
[11:23:46.667][info] [#0:script/workspace/loading.lua:89]: Skip loaded file: file:///opt/nvim-linux64/share/nvim/runtime/lua/vim/lsp/semantic_tokens.lua
[11:23:46.667][info] [#0:script/workspace/loading.lua:113]: ++++As library of:	file:///opt/nvim-linux64/share/nvim/runtime/lua/vim/lsp
[11:23:46.667][info] [#0:script/workspace/loading.lua:89]: Skip loaded file: file:///opt/nvim-linux64/share/nvim/runtime/lua/vim/lsp/buf.lua
[11:23:46.667][info] [#0:script/workspace/loading.lua:113]: ++++As library of:	file:///opt/nvim-linux64/share/nvim/runtime/lua/vim/lsp
[11:23:46.667][info] [#0:script/workspace/loading.lua:89]: Skip loaded file: file:///opt/nvim-linux64/share/nvim/runtime/lua/vim/lsp/buf.lua
[11:23:46.667][info] [#0:script/workspace/loading.lua:113]: ++++As library of:	file:///opt/nvim-linux64/share/nvim/runtime/lua/vim/lsp
[11:23:46.667][info] [#0:script/workspace/loading.lua:89]: Skip loaded file: file:///opt/nvim-linux64/share/nvim/runtime/lua/vim/lsp/codelens.lua
[11:23:46.668][info] [#0:script/workspace/loading.lua:113]: ++++As library of:	file:///opt/nvim-linux64/share/nvim/runtime/lua/vim/lsp
[11:23:46.668][info] [#0:script/workspace/loading.lua:89]: Skip loaded file: file:///opt/nvim-linux64/share/nvim/runtime/lua/vim/lsp/codelens.lua
[11:23:46.668][info] [#0:script/workspace/loading.lua:113]: ++++As library of:	file:///opt/nvim-linux64/share/nvim/runtime/lua/vim/lsp
[11:23:46.668][info] [#0:script/workspace/loading.lua:89]: Skip loaded file: file:///opt/nvim-linux64/share/nvim/runtime/lua/vim/lsp/log.lua
[11:23:46.668][info] [#0:script/workspace/loading.lua:113]: ++++As library of:	file:///opt/nvim-linux64/share/nvim/runtime/lua/vim/lsp
[11:23:46.668][info] [#0:script/workspace/loading.lua:89]: Skip loaded file: file:///opt/nvim-linux64/share/nvim/runtime/lua/vim/lsp/log.lua
[11:23:46.668][info] [#0:script/workspace/loading.lua:113]: ++++As library of:	file:///opt/nvim-linux64/share/nvim/runtime/lua/vim/lsp
[11:23:46.668][info] [#0:script/workspace/loading.lua:89]: Skip loaded file: file:///opt/nvim-linux64/share/nvim/runtime/lua/vim/lsp/health.lua
[11:23:46.668][info] [#0:script/workspace/loading.lua:113]: ++++As library of:	file:///opt/nvim-linux64/share/nvim/runtime/lua/vim/lsp
[11:23:46.668][info] [#0:script/workspace/loading.lua:89]: Skip loaded file: file:///opt/nvim-linux64/share/nvim/runtime/lua/vim/lsp/health.lua
[11:23:46.668][info] [#0:script/workspace/loading.lua:113]: ++++As library of:	file:///opt/nvim-linux64/share/nvim/runtime/lua/vim/lsp
[11:23:46.668][info] [#0:script/workspace/loading.lua:89]: Skip loaded file: file:///opt/nvim-linux64/share/nvim/runtime/lua/vim/lsp/types.lua
[11:23:46.668][info] [#0:script/workspace/loading.lua:113]: ++++As library of:	file:///opt/nvim-linux64/share/nvim/runtime/lua/vim/lsp
[11:23:46.668][info] [#0:script/workspace/loading.lua:89]: Skip loaded file: file:///opt/nvim-linux64/share/nvim/runtime/lua/vim/lsp/types.lua
[11:23:46.668][info] [#0:script/workspace/loading.lua:113]: ++++As library of:	file:///opt/nvim-linux64/share/nvim/runtime/lua/vim/lsp
[11:23:46.668][info] [#0:script/workspace/loading.lua:89]: Skip loaded file: file:///opt/nvim-linux64/share/nvim/runtime/lua/vim/lsp/tagfunc.lua
[11:23:46.668][info] [#0:script/workspace/loading.lua:113]: ++++As library of:	file:///opt/nvim-linux64/share/nvim/runtime/lua/vim/lsp
[11:23:46.668][info] [#0:script/workspace/loading.lua:89]: Skip loaded file: file:///opt/nvim-linux64/share/nvim/runtime/lua/vim/lsp/tagfunc.lua
[11:23:46.668][info] [#0:script/workspace/loading.lua:113]: ++++As library of:	file:///opt/nvim-linux64/share/nvim/runtime/lua/vim/lsp
[11:23:46.668][info] [#0:script/workspace/loading.lua:89]: Skip loaded file: file:///opt/nvim-linux64/share/nvim/runtime/lua/vim/lsp/util.lua
[11:23:46.668][info] [#0:script/workspace/loading.lua:113]: ++++As library of:	file:///opt/nvim-linux64/share/nvim/runtime/lua/vim/lsp
[11:23:46.668][info] [#0:script/workspace/loading.lua:89]: Skip loaded file: file:///opt/nvim-linux64/share/nvim/runtime/lua/vim/lsp/util.lua
[11:23:46.668][info] [#0:script/workspace/loading.lua:113]: ++++As library of:	file:///opt/nvim-linux64/share/nvim/runtime/lua/vim/lsp
[11:23:46.668][info] [#0:script/workspace/loading.lua:89]: Skip loaded file: file:///opt/nvim-linux64/share/nvim/runtime/lua/vim/lsp/rpc.lua
[11:23:46.668][info] [#0:script/workspace/loading.lua:113]: ++++As library of:	file:///opt/nvim-linux64/share/nvim/runtime/lua/vim/lsp
[11:23:46.668][info] [#0:script/workspace/loading.lua:89]: Skip loaded file: file:///opt/nvim-linux64/share/nvim/runtime/lua/vim/lsp/rpc.lua
[11:23:46.668][info] [#0:script/workspace/loading.lua:113]: ++++As library of:	file:///opt/nvim-linux64/share/nvim/runtime/lua/vim/lsp
[11:23:46.668][info] [#0:script/workspace/loading.lua:101]: Preload file at: file:///home/red/.local/share/nvim/mason/packages/lua-language-server/libexec/meta/Lua%205.4%20en-us%20utf8/io.lua , size = 6.364 KB
[11:23:46.673][info] [#0:script/workspace/loading.lua:113]: ++++As library of:	file:///home/red/.local/share/nvim/mason/packages/lua-language-server/libexec/meta/Lua%205.4%20en-us%20utf8/io.lua
[11:23:46.673][info] [#0:script/workspace/loading.lua:101]: Preload file at: file:///home/red/.local/share/nvim/mason/packages/lua-language-server/libexec/meta/Lua%205.4%20en-us%20utf8/coroutine.lua , size = 2.590 KB
[11:23:46.675][info] [#0:script/workspace/loading.lua:113]: ++++As library of:	file:///home/red/.local/share/nvim/mason/packages/lua-language-server/libexec/meta/Lua%205.4%20en-us%20utf8/coroutine.lua
[11:23:46.675][info] [#0:script/workspace/loading.lua:98]: Skip loaded file: file:///home/red/.local/share/nvim/mason/packages/lua-language-server/libexec/meta/Lua%205.4%20en-us%20utf8/coroutine.lua
[11:23:46.675][info] [#0:script/workspace/loading.lua:98]: Skip loaded file: file:///home/red/.local/share/nvim/mason/packages/lua-language-server/libexec/meta/Lua%205.4%20en-us%20utf8/io.lua
[11:23:46.675][info] [#0:script/workspace/loading.lua:101]: Preload file at: file:///home/red/.local/share/nvim/lazy/lazy.nvim/lua/lazy/manage/task/fs.lua , size = 0.740 KB
[11:23:46.677][info] [#0:script/workspace/loading.lua:113]: ++++As library of:	file:///home/red/.local/share/nvim/lazy/lazy.nvim/lua/lazy
[11:23:46.677][info] [#0:script/workspace/loading.lua:98]: Skip loaded file: file:///home/red/.local/share/nvim/lazy/lazy.nvim/lua/lazy/manage/task/fs.lua
[11:23:46.677][info] [#0:script/workspace/loading.lua:101]: Preload file at: file:///home/red/.local/share/nvim/lazy/lazy.nvim/lua/lazy/manage/task/init.lua , size = 3.822 KB
[11:23:46.682][info] [#0:script/workspace/loading.lua:113]: ++++As library of:	file:///home/red/.local/share/nvim/lazy/lazy.nvim/lua/lazy
[11:23:46.682][info] [#0:script/workspace/loading.lua:101]: Preload file at: file:///home/red/.local/share/nvim/lazy/lazy.nvim/lua/lazy/manage/task/plugin.lua , size = 2.294 KB
[11:23:46.684][info] [#0:script/workspace/loading.lua:113]: ++++As library of:	file:///home/red/.local/share/nvim/lazy/lazy.nvim/lua/lazy
[11:23:46.684][info] [#0:script/workspace/loading.lua:98]: Skip loaded file: file:///home/red/.local/share/nvim/lazy/lazy.nvim/lua/lazy/manage/task/init.lua
[11:23:46.684][info] [#0:script/workspace/loading.lua:89]: Skip loaded file: file:///home/red/.local/share/nvim/lazy/lazy.nvim/lua/lazy/manage/task/plugin.lua
[11:23:46.684][info] [#0:script/workspace/loading.lua:113]: ++++As library of:	file:///home/red/.local/share/nvim/lazy/lazy.nvim/lua/lazy
[11:23:46.687][info] [#0:script/workspace/loading.lua:101]: Preload file at: file:///home/red/.local/share/nvim/lazy/lazy.nvim/lua/lazy/manage/task/git.lua , size = 6.532 KB
[11:23:46.693][info] [#0:script/workspace/loading.lua:113]: ++++As library of:	file:///home/red/.local/share/nvim/lazy/lazy.nvim/lua/lazy
[11:23:46.693][info] [#0:script/workspace/loading.lua:98]: Skip loaded file: file:///home/red/.local/share/nvim/lazy/lazy.nvim/lua/lazy/manage/task/git.lua
[11:23:46.693][info] [#0:script/workspace/loading.lua:101]: Preload file at: file:///home/red/.local/share/nvim/lazy/lazy.nvim/lua/lazy/manage/reloader.lua , size = 2.487 KB
[11:23:46.696][info] [#0:script/workspace/loading.lua:113]: ++++As library of:	file:///home/red/.local/share/nvim/lazy/lazy.nvim/lua/lazy
[11:23:46.696][info] [#0:script/workspace/loading.lua:98]: Skip loaded file: file:///home/red/.local/share/nvim/lazy/lazy.nvim/lua/lazy/manage/reloader.lua
[11:23:46.696][info] [#0:script/workspace/loading.lua:101]: Preload file at: file:///home/red/.local/share/nvim/lazy/lazy.nvim/lua/lazy/manage/runner.lua , size = 3.957 KB
[11:23:46.700][info] [#0:script/workspace/loading.lua:113]: ++++As library of:	file:///home/red/.local/share/nvim/lazy/lazy.nvim/lua/lazy
[11:23:46.700][info] [#0:script/workspace/loading.lua:98]: Skip loaded file: file:///home/red/.local/share/nvim/lazy/lazy.nvim/lua/lazy/manage/runner.lua
[11:23:46.700][info] [#0:script/workspace/loading.lua:101]: Preload file at: file:///home/red/.local/share/nvim/lazy/lazy.nvim/lua/lazy/manage/init.lua , size = 5.445 KB
[11:23:46.705][info] [#0:script/workspace/loading.lua:113]: ++++As library of:	file:///home/red/.local/share/nvim/lazy/lazy.nvim/lua/lazy
[11:23:46.705][info] [#0:script/workspace/loading.lua:98]: Skip loaded file: file:///home/red/.local/share/nvim/lazy/lazy.nvim/lua/lazy/manage/init.lua
[11:23:46.705][info] [#0:script/workspace/loading.lua:101]: Preload file at: file:///home/red/.local/share/nvim/lazy/lazy.nvim/lua/lazy/manage/process.lua , size = 3.842 KB
[11:23:46.709][info] [#0:script/workspace/loading.lua:113]: ++++As library of:	file:///home/red/.local/share/nvim/lazy/lazy.nvim/lua/lazy
[11:23:46.709][info] [#0:script/workspace/loading.lua:89]: Skip loaded file: file:///home/red/.local/share/nvim/lazy/lazy.nvim/lua/lazy/manage/process.lua
[11:23:46.709][info] [#0:script/workspace/loading.lua:113]: ++++As library of:	file:///home/red/.local/share/nvim/lazy/lazy.nvim/lua/lazy
[11:23:46.709][info] [#0:script/workspace/loading.lua:101]: Preload file at: file:///home/red/.local/share/nvim/lazy/lazy.nvim/lua/lazy/manage/lock.lua , size = 1.810 KB
[11:23:46.711][info] [#0:script/workspace/loading.lua:113]: ++++As library of:	file:///home/red/.local/share/nvim/lazy/lazy.nvim/lua/lazy
[11:23:46.711][info] [#0:script/workspace/loading.lua:98]: Skip loaded file: file:///home/red/.local/share/nvim/lazy/lazy.nvim/lua/lazy/manage/lock.lua
[11:23:46.711][info] [#0:script/workspace/loading.lua:101]: Preload file at: file:///home/red/.local/share/nvim/lazy/lazy.nvim/lua/lazy/manage/semver.lua , size = 4.409 KB
[11:23:46.716][info] [#0:script/workspace/loading.lua:113]: ++++As library of:	file:///home/red/.local/share/nvim/lazy/lazy.nvim/lua/lazy
[11:23:46.716][info] [#0:script/workspace/loading.lua:98]: Skip loaded file: file:///home/red/.local/share/nvim/lazy/lazy.nvim/lua/lazy/manage/semver.lua
[11:23:46.716][info] [#0:script/workspace/loading.lua:101]: Preload file at: file:///home/red/.local/share/nvim/lazy/lazy.nvim/lua/lazy/manage/git.lua , size = 6.040 KB
[11:23:46.722][info] [#0:script/workspace/loading.lua:113]: ++++As library of:	file:///home/red/.local/share/nvim/lazy/lazy.nvim/lua/lazy
[11:23:46.722][info] [#0:script/workspace/loading.lua:98]: Skip loaded file: file:///home/red/.local/share/nvim/lazy/lazy.nvim/lua/lazy/manage/git.lua
[11:23:46.722][info] [#0:script/workspace/loading.lua:101]: Preload file at: file:///home/red/.local/share/nvim/lazy/lazy.nvim/lua/lazy/manage/checker.lua , size = 2.306 KB
[11:23:46.725][info] [#0:script/workspace/loading.lua:113]: ++++As library of:	file:///home/red/.local/share/nvim/lazy/lazy.nvim/lua/lazy
[11:23:46.725][info] [#0:script/workspace/loading.lua:101]: Preload file at: file:///home/red/.local/share/nvim/lazy/lazy.nvim/lua/lazy/example.lua , size = 2.643 KB
[11:23:46.726][info] [#0:script/workspace/loading.lua:113]: ++++As library of:	file:///home/red/.local/share/nvim/lazy/lazy.nvim/lua/lazy
[11:23:46.726][info] [#0:script/workspace/loading.lua:98]: Skip loaded file: file:///home/red/.local/share/nvim/lazy/lazy.nvim/lua/lazy/manage/checker.lua
[11:23:46.726][info] [#0:script/workspace/loading.lua:98]: Skip loaded file: file:///home/red/.local/share/nvim/lazy/lazy.nvim/lua/lazy/example.lua
[11:23:46.726][info] [#0:script/workspace/loading.lua:101]: Preload file at: file:///home/red/.local/share/nvim/lazy/lazy.nvim/lua/lazy/init.lua , size = 3.058 KB
[11:23:46.729][info] [#0:script/workspace/loading.lua:113]: ++++As library of:	file:///home/red/.local/share/nvim/lazy/lazy.nvim/lua/lazy
[11:23:46.729][info] [#0:script/workspace/loading.lua:89]: Skip loaded file: file:///home/red/.local/share/nvim/lazy/lazy.nvim/lua/lazy/init.lua
[11:23:46.729][info] [#0:script/workspace/loading.lua:113]: ++++As library of:	file:///home/red/.local/share/nvim/lazy/lazy.nvim/lua/lazy
[11:23:46.729][info] [#0:script/workspace/loading.lua:101]: Preload file at: file:///home/red/.local/share/nvim/lazy/lazy.nvim/lua/lazy/view/config.lua , size = 3.462 KB
[11:23:46.731][info] [#0:script/workspace/loading.lua:113]: ++++As library of:	file:///home/red/.local/share/nvim/lazy/lazy.nvim/lua/lazy
[11:23:46.732][info] [#0:script/workspace/loading.lua:101]: Preload file at: file:///home/red/.local/share/nvim/lazy/lazy.nvim/lua/lazy/view/sections.lua , size = 2.250 KB
[11:23:46.733][info] [#0:script/workspace/loading.lua:113]: ++++As library of:	file:///home/red/.local/share/nvim/lazy/lazy.nvim/lua/lazy
[11:23:46.733][info] [#0:script/workspace/loading.lua:98]: Skip loaded file: file:///home/red/.local/share/nvim/lazy/lazy.nvim/lua/lazy/view/config.lua
[11:23:46.733][info] [#0:script/workspace/loading.lua:98]: Skip loaded file: file:///home/red/.local/share/nvim/lazy/lazy.nvim/lua/lazy/view/sections.lua
[11:23:46.734][info] [#0:script/workspace/loading.lua:101]: Preload file at: file:///home/red/.local/share/nvim/lazy/lazy.nvim/lua/lazy/view/text.lua , size = 3.820 KB
[11:23:46.738][info] [#0:script/workspace/loading.lua:113]: ++++As library of:	file:///home/red/.local/share/nvim/lazy/lazy.nvim/lua/lazy
[11:23:46.738][info] [#0:script/workspace/loading.lua:101]: Preload file at: file:///home/red/.local/share/nvim/lazy/lazy.nvim/lua/lazy/view/diff.lua , size = 1.585 KB
[11:23:46.740][info] [#0:script/workspace/loading.lua:113]: ++++As library of:	file:///home/red/.local/share/nvim/lazy/lazy.nvim/lua/lazy
[11:23:46.740][info] [#0:script/workspace/loading.lua:98]: Skip loaded file: file:///home/red/.local/share/nvim/lazy/lazy.nvim/lua/lazy/view/text.lua
[11:23:46.740][info] [#0:script/workspace/loading.lua:98]: Skip loaded file: file:///home/red/.local/share/nvim/lazy/lazy.nvim/lua/lazy/view/diff.lua
[11:23:46.740][info] [#0:script/workspace/loading.lua:101]: Preload file at: file:///home/red/.local/share/nvim/lazy/lazy.nvim/lua/lazy/view/float.lua , size = 6.936 KB
[11:23:46.747][info] [#0:script/workspace/loading.lua:113]: ++++As library of:	file:///home/red/.local/share/nvim/lazy/lazy.nvim/lua/lazy
[11:23:46.748][info] [#0:script/workspace/loading.lua:89]: Skip loaded file: file:///home/red/.local/share/nvim/lazy/lazy.nvim/lua/lazy/view/float.lua
[11:23:46.748][info] [#0:script/workspace/loading.lua:113]: ++++As library of:	file:///home/red/.local/share/nvim/lazy/lazy.nvim/lua/lazy
[11:23:46.748][info] [#0:script/workspace/loading.lua:101]: Preload file at: file:///home/red/.local/share/nvim/lazy/lazy.nvim/lua/lazy/view/init.lua , size = 7.404 KB
[11:23:46.756][info] [#0:script/workspace/loading.lua:113]: ++++As library of:	file:///home/red/.local/share/nvim/lazy/lazy.nvim/lua/lazy
[11:23:46.756][info] [#0:script/workspace/loading.lua:98]: Skip loaded file: file:///home/red/.local/share/nvim/lazy/lazy.nvim/lua/lazy/view/init.lua
[11:23:46.756][info] [#0:script/workspace/loading.lua:101]: Preload file at: file:///home/red/.local/share/nvim/lazy/lazy.nvim/lua/lazy/view/render.lua , size = 20.803 KB
[11:23:46.778][info] [#0:script/workspace/loading.lua:113]: ++++As library of:	file:///home/red/.local/share/nvim/lazy/lazy.nvim/lua/lazy
[11:23:46.779][info] [#0:script/workspace/loading.lua:98]: Skip loaded file: file:///home/red/.local/share/nvim/lazy/lazy.nvim/lua/lazy/view/render.lua
[11:23:46.779][info] [#0:script/workspace/loading.lua:101]: Preload file at: file:///home/red/.local/share/nvim/lazy/lazy.nvim/lua/lazy/view/commands.lua , size = 3.332 KB
[11:23:46.782][info] [#0:script/workspace/loading.lua:113]: ++++As library of:	file:///home/red/.local/share/nvim/lazy/lazy.nvim/lua/lazy
[11:23:46.782][info] [#0:script/workspace/loading.lua:98]: Skip loaded file: file:///home/red/.local/share/nvim/lazy/lazy.nvim/lua/lazy/view/commands.lua
[11:23:46.782][info] [#0:script/workspace/loading.lua:101]: Preload file at: file:///home/red/.local/share/nvim/lazy/lazy.nvim/lua/lazy/view/colors.lua , size = 1.495 KB
[11:23:46.784][info] [#0:script/workspace/loading.lua:113]: ++++As library of:	file:///home/red/.local/share/nvim/lazy/lazy.nvim/lua/lazy
[11:23:46.784][info] [#0:script/workspace/loading.lua:98]: Skip loaded file: file:///home/red/.local/share/nvim/lazy/lazy.nvim/lua/lazy/view/colors.lua
[11:23:46.785][info] [#0:script/workspace/loading.lua:101]: Preload file at: file:///home/red/.local/share/nvim/lazy/lazy.nvim/lua/lazy/core/config.lua , size = 8.253 KB
[11:23:46.791][info] [#0:script/workspace/loading.lua:113]: ++++As library of:	file:///home/red/.local/share/nvim/lazy/lazy.nvim/lua/lazy
[11:23:46.791][info] [#0:script/workspace/loading.lua:89]: Skip loaded file: file:///home/red/.local/share/nvim/lazy/lazy.nvim/lua/lazy/core/config.lua
[11:23:46.791][info] [#0:script/workspace/loading.lua:113]: ++++As library of:	file:///home/red/.local/share/nvim/lazy/lazy.nvim/lua/lazy
[11:23:46.791][info] [#0:script/workspace/loading.lua:101]: Preload file at: file:///home/red/.local/share/nvim/lazy/lazy.nvim/lua/lazy/core/cache.lua , size = 16.600 KB
[11:23:46.809][info] [#0:script/workspace/loading.lua:113]: ++++As library of:	file:///home/red/.local/share/nvim/lazy/lazy.nvim/lua/lazy
[11:23:46.810][info] [#0:script/workspace/loading.lua:89]: Skip loaded file: file:///home/red/.local/share/nvim/lazy/lazy.nvim/lua/lazy/core/cache.lua
[11:23:46.810][info] [#0:script/workspace/loading.lua:113]: ++++As library of:	file:///home/red/.local/share/nvim/lazy/lazy.nvim/lua/lazy
[11:23:46.811][info] [#0:script/workspace/loading.lua:101]: Preload file at: file:///home/red/.local/share/nvim/lazy/lazy.nvim/lua/lazy/core/plugin.lua , size = 14.504 KB
[11:23:46.826][info] [#0:script/workspace/loading.lua:113]: ++++As library of:	file:///home/red/.local/share/nvim/lazy/lazy.nvim/lua/lazy
[11:23:46.829][info] [#0:script/workspace/loading.lua:89]: Skip loaded file: file:///home/red/.local/share/nvim/lazy/lazy.nvim/lua/lazy/core/plugin.lua
[11:23:46.829][info] [#0:script/workspace/loading.lua:113]: ++++As library of:	file:///home/red/.local/share/nvim/lazy/lazy.nvim/lua/lazy
[11:23:46.830][info] [#0:script/workspace/loading.lua:101]: Preload file at: file:///home/red/.local/share/nvim/lazy/lazy.nvim/lua/lazy/core/loader.lua , size = 13.265 KB
[11:23:46.844][info] [#0:script/workspace/loading.lua:113]: ++++As library of:	file:///home/red/.local/share/nvim/lazy/lazy.nvim/lua/lazy
[11:23:46.845][info] [#0:script/workspace/loading.lua:89]: Skip loaded file: file:///home/red/.local/share/nvim/lazy/lazy.nvim/lua/lazy/core/loader.lua
[11:23:46.845][info] [#0:script/workspace/loading.lua:113]: ++++As library of:	file:///home/red/.local/share/nvim/lazy/lazy.nvim/lua/lazy
[11:23:46.845][info] [#0:script/workspace/loading.lua:101]: Preload file at: file:///home/red/.local/share/nvim/lazy/lazy.nvim/lua/lazy/core/handler/event.lua , size = 2.642 KB
[11:23:46.849][info] [#0:script/workspace/loading.lua:113]: ++++As library of:	file:///home/red/.local/share/nvim/lazy/lazy.nvim/lua/lazy
[11:23:46.852][info] [#0:script/workspace/loading.lua:89]: Skip loaded file: file:///home/red/.local/share/nvim/lazy/lazy.nvim/lua/lazy/core/handler/event.lua
[11:23:46.853][info] [#0:script/workspace/loading.lua:113]: ++++As library of:	file:///home/red/.local/share/nvim/lazy/lazy.nvim/lua/lazy
[11:23:46.853][info] [#0:script/workspace/loading.lua:101]: Preload file at: file:///home/red/.local/share/nvim/lazy/lazy.nvim/lua/lazy/core/handler/ft.lua , size = 0.984 KB
[11:23:46.855][info] [#0:script/workspace/loading.lua:113]: ++++As library of:	file:///home/red/.local/share/nvim/lazy/lazy.nvim/lua/lazy
[11:23:46.858][info] [#0:script/workspace/loading.lua:89]: Skip loaded file: file:///home/red/.local/share/nvim/lazy/lazy.nvim/lua/lazy/core/handler/ft.lua
[11:23:46.858][info] [#0:script/workspace/loading.lua:113]: ++++As library of:	file:///home/red/.local/share/nvim/lazy/lazy.nvim/lua/lazy
[11:23:46.859][info] [#0:script/workspace/loading.lua:101]: Preload file at: file:///home/red/.local/share/nvim/lazy/lazy.nvim/lua/lazy/core/handler/init.lua , size = 2.373 KB
[11:23:46.862][info] [#0:script/workspace/loading.lua:113]: ++++As library of:	file:///home/red/.local/share/nvim/lazy/lazy.nvim/lua/lazy
[11:23:46.864][info] [#0:script/workspace/loading.lua:89]: Skip loaded file: file:///home/red/.local/share/nvim/lazy/lazy.nvim/lua/lazy/core/handler/init.lua
[11:23:46.864][info] [#0:script/workspace/loading.lua:113]: ++++As library of:	file:///home/red/.local/share/nvim/lazy/lazy.nvim/lua/lazy
[11:23:46.865][info] [#0:script/workspace/loading.lua:101]: Preload file at: file:///home/red/.local/share/nvim/lazy/lazy.nvim/lua/lazy/core/handler/cmd.lua , size = 1.546 KB
[11:23:46.867][info] [#0:script/workspace/loading.lua:113]: ++++As library of:	file:///home/red/.local/share/nvim/lazy/lazy.nvim/lua/lazy
[11:23:46.869][info] [#0:script/workspace/loading.lua:89]: Skip loaded file: file:///home/red/.local/share/nvim/lazy/lazy.nvim/lua/lazy/core/handler/cmd.lua
[11:23:46.869][info] [#0:script/workspace/loading.lua:113]: ++++As library of:	file:///home/red/.local/share/nvim/lazy/lazy.nvim/lua/lazy
[11:23:46.869][info] [#0:script/workspace/loading.lua:101]: Preload file at: file:///home/red/.local/share/nvim/lazy/lazy.nvim/lua/lazy/core/handler/keys.lua , size = 2.360 KB
[11:23:46.872][info] [#0:script/workspace/loading.lua:113]: ++++As library of:	file:///home/red/.local/share/nvim/lazy/lazy.nvim/lua/lazy
[11:23:46.874][info] [#0:script/workspace/loading.lua:89]: Skip loaded file: file:///home/red/.local/share/nvim/lazy/lazy.nvim/lua/lazy/core/handler/keys.lua
[11:23:46.874][info] [#0:script/workspace/loading.lua:113]: ++++As library of:	file:///home/red/.local/share/nvim/lazy/lazy.nvim/lua/lazy
[11:23:46.874][info] [#0:script/workspace/loading.lua:101]: Preload file at: file:///home/red/.local/share/nvim/lazy/lazy.nvim/lua/lazy/core/util.lua , size = 9.879 KB
[11:23:46.886][info] [#0:script/workspace/loading.lua:113]: ++++As library of:	file:///home/red/.local/share/nvim/lazy/lazy.nvim/lua/lazy
[11:23:46.888][info] [#0:script/workspace/loading.lua:89]: Skip loaded file: file:///home/red/.local/share/nvim/lazy/lazy.nvim/lua/lazy/core/util.lua
[11:23:46.888][info] [#0:script/workspace/loading.lua:113]: ++++As library of:	file:///home/red/.local/share/nvim/lazy/lazy.nvim/lua/lazy
[11:23:46.888][info] [#0:script/workspace/loading.lua:101]: Preload file at: file:///home/red/.local/share/nvim/lazy/lazy.nvim/lua/lazy/state.lua , size = 0.859 KB
[11:23:46.890][info] [#0:script/workspace/loading.lua:113]: ++++As library of:	file:///home/red/.local/share/nvim/lazy/lazy.nvim/lua/lazy
[11:23:46.891][info] [#0:script/workspace/loading.lua:89]: Skip loaded file: file:///home/red/.local/share/nvim/lazy/lazy.nvim/lua/lazy/state.lua
[11:23:46.891][info] [#0:script/workspace/loading.lua:113]: ++++As library of:	file:///home/red/.local/share/nvim/lazy/lazy.nvim/lua/lazy
[11:23:46.892][info] [#0:script/workspace/loading.lua:101]: Preload file at: file:///home/red/.local/share/nvim/lazy/lazy.nvim/lua/lazy/help.lua , size = 2.216 KB
[11:23:46.896][info] [#0:script/workspace/loading.lua:113]: ++++As library of:	file:///home/red/.local/share/nvim/lazy/lazy.nvim/lua/lazy
[11:23:46.897][info] [#0:script/workspace/loading.lua:89]: Skip loaded file: file:///home/red/.local/share/nvim/lazy/lazy.nvim/lua/lazy/help.lua
[11:23:46.897][info] [#0:script/workspace/loading.lua:113]: ++++As library of:	file:///home/red/.local/share/nvim/lazy/lazy.nvim/lua/lazy
[11:23:46.897][info] [#0:script/workspace/loading.lua:101]: Preload file at: file:///home/red/.local/share/nvim/lazy/lazy.nvim/lua/lazy/docs.lua , size = 4.453 KB
[11:23:46.902][info] [#0:script/workspace/loading.lua:113]: ++++As library of:	file:///home/red/.local/share/nvim/lazy/lazy.nvim/lua/lazy
[11:23:46.905][info] [#0:script/workspace/loading.lua:89]: Skip loaded file: file:///home/red/.local/share/nvim/lazy/lazy.nvim/lua/lazy/docs.lua
[11:23:46.905][info] [#0:script/workspace/loading.lua:113]: ++++As library of:	file:///home/red/.local/share/nvim/lazy/lazy.nvim/lua/lazy
[11:23:46.905][info] [#0:script/workspace/loading.lua:101]: Preload file at: file:///home/red/.local/share/nvim/lazy/lazy.nvim/lua/lazy/health.lua , size = 3.315 KB
[11:23:46.909][info] [#0:script/workspace/loading.lua:113]: ++++As library of:	file:///home/red/.local/share/nvim/lazy/lazy.nvim/lua/lazy
[11:23:46.911][info] [#0:script/workspace/loading.lua:89]: Skip loaded file: file:///home/red/.local/share/nvim/lazy/lazy.nvim/lua/lazy/health.lua
[11:23:46.911][info] [#0:script/workspace/loading.lua:113]: ++++As library of:	file:///home/red/.local/share/nvim/lazy/lazy.nvim/lua/lazy
[11:23:46.911][info] [#0:script/workspace/loading.lua:101]: Preload file at: file:///home/red/.local/share/nvim/lazy/lazy.nvim/lua/lazy/types.lua , size = 2.743 KB
[11:23:46.914][info] [#0:script/workspace/loading.lua:113]: ++++As library of:	file:///home/red/.local/share/nvim/lazy/lazy.nvim/lua/lazy
[11:23:46.915][info] [#0:script/workspace/loading.lua:98]: Skip loaded file: file:///home/red/.local/share/nvim/lazy/lazy.nvim/lua/lazy/types.lua
[11:23:46.915][info] [#0:script/workspace/loading.lua:101]: Preload file at: file:///home/red/.local/share/nvim/lazy/lazy.nvim/lua/lazy/status.lua , size = 0.353 KB
[11:23:46.915][info] [#0:script/workspace/loading.lua:113]: ++++As library of:	file:///home/red/.local/share/nvim/lazy/lazy.nvim/lua/lazy
[11:23:46.915][info] [#0:script/workspace/loading.lua:98]: Skip loaded file: file:///home/red/.local/share/nvim/lazy/lazy.nvim/lua/lazy/status.lua
[11:23:46.915][info] [#0:script/workspace/loading.lua:101]: Preload file at: file:///home/red/.local/share/nvim/lazy/lazy.nvim/lua/lazy/stats.lua , size = 2.068 KB
[11:23:46.918][info] [#0:script/workspace/loading.lua:113]: ++++As library of:	file:///home/red/.local/share/nvim/lazy/lazy.nvim/lua/lazy
[11:23:46.918][info] [#0:script/workspace/loading.lua:98]: Skip loaded file: file:///home/red/.local/share/nvim/lazy/lazy.nvim/lua/lazy/stats.lua
[11:23:46.918][info] [#0:script/workspace/loading.lua:101]: Preload file at: file:///home/red/.local/share/nvim/lazy/lazy.nvim/lua/lazy/util.lua , size = 5.646 KB
[11:23:46.926][info] [#0:script/workspace/loading.lua:113]: ++++As library of:	file:///home/red/.local/share/nvim/lazy/lazy.nvim/lua/lazy
[11:23:46.926][info] [#0:script/workspace/loading.lua:101]: Preload file at: file:///home/red/.local/share/nvim/mason/packages/lua-language-server/libexec/meta/Lua%205.4%20en-us%20utf8/string.lua , size = 6.313 KB
[11:23:46.931][info] [#0:script/workspace/loading.lua:113]: ++++As library of:	file:///home/red/.local/share/nvim/mason/packages/lua-language-server/libexec/meta/Lua%205.4%20en-us%20utf8/string.lua
[11:23:46.932][info] [#0:script/workspace/loading.lua:98]: Skip loaded file: file:///home/red/.local/share/nvim/lazy/lazy.nvim/lua/lazy/util.lua
[11:23:46.932][info] [#0:script/workspace/loading.lua:98]: Skip loaded file: file:///home/red/.local/share/nvim/mason/packages/lua-language-server/libexec/meta/Lua%205.4%20en-us%20utf8/string.lua
[11:23:46.932][info] [#0:script/workspace/loading.lua:101]: Preload file at: file:///home/red/.local/share/nvim/mason/packages/lua-language-server/libexec/meta/Lua%205.4%20en-us%20utf8/builtin.lua , size = 0.302 KB
[11:23:46.933][info] [#0:script/workspace/loading.lua:113]: ++++As library of:	file:///home/red/.local/share/nvim/mason/packages/lua-language-server/libexec/meta/Lua%205.4%20en-us%20utf8/builtin.lua
[11:23:46.933][info] [#0:script/workspace/loading.lua:89]: Skip loaded file: file:///home/red/.local/share/nvim/mason/packages/lua-language-server/libexec/meta/Lua%205.4%20en-us%20utf8/builtin.lua
[11:23:46.933][info] [#0:script/workspace/loading.lua:113]: ++++As library of:	file:///home/red/.local/share/nvim/mason/packages/lua-language-server/libexec/meta/Lua%205.4%20en-us%20utf8/builtin.lua
[11:23:46.933][info] [#0:script/workspace/loading.lua:173]: Loaded files takes [1.256] sec: <fallback>
[11:23:46.933][info] [#0:script/workspace/loading.lua:182]: Compile files takes [0.000] sec: <fallback>
[11:23:46.933][info] [#0:script/workspace/loading.lua:183]: Loaded finish:	<fallback>
[11:23:46.933][info] [#0:script/workspace/workspace.lua:379]: Preload finish at:	<fallback>
[11:23:46.963][info] [#0:script/workspace/loading.lua:89]: Skip loaded file: file:///home/red/.config/nvim/init.lua
[11:23:46.964][info] [#0:script/workspace/loading.lua:101]: Preload file at: file:///home/red/.config/nvim/lua/core/bootstrap.lua , size = 1.914 KB
[11:23:46.966][info] [#0:script/workspace/loading.lua:101]: Preload file at: file:///home/red/.config/nvim/lua/core/mappings.lua , size = 10.096 KB
[11:23:46.974][info] [#0:script/workspace/loading.lua:101]: Preload file at: file:///home/red/.config/nvim/lua/core/init.lua , size = 3.254 KB
[11:23:46.977][info] [#0:script/workspace/loading.lua:101]: Preload file at: file:///home/red/.config/nvim/lua/core/utils.lua , size = 3.455 KB
[11:23:46.980][info] [#0:script/workspace/loading.lua:101]: Preload file at: file:///home/red/.config/nvim/lua/core/default_config.lua , size = 3.102 KB
[11:23:46.982][info] [#0:script/workspace/loading.lua:101]: Preload file at: file:///home/red/.config/nvim/lua/plugins/init.lua , size = 7.334 KB
[11:23:46.988][info] [#0:script/workspace/loading.lua:101]: Preload file at: file:///home/red/.config/nvim/lua/plugins/configs/cmp.lua , size = 3.072 KB
[11:23:46.990][info] [#0:script/workspace/loading.lua:101]: Preload file at: file:///home/red/.config/nvim/lua/plugins/configs/treesitter.lua , size = 0.165 KB
[11:23:46.991][info] [#0:script/workspace/loading.lua:101]: Preload file at: file:///home/red/.config/nvim/lua/plugins/configs/lspconfig.lua , size = 1.753 KB
[11:23:46.992][info] [#0:script/workspace/loading.lua:101]: Preload file at: file:///home/red/.config/nvim/lua/plugins/configs/lazy_nvim.lua , size = 0.846 KB
[11:23:46.995][info] [#0:script/workspace/loading.lua:101]: Preload file at: file:///home/red/.config/nvim/lua/plugins/configs/nvimtree.lua , size = 1.479 KB
[11:23:47.101][info] [#0:script/workspace/loading.lua:101]: Preload file at: file:///home/red/.config/nvim/lua/plugins/configs/telescope.lua , size = 1.626 KB
[11:23:47.102][info] [#0:script/workspace/loading.lua:101]: Preload file at: file:///home/red/.config/nvim/lua/plugins/configs/mason.lua , size = 0.581 KB
[11:23:47.103][info] [#0:script/workspace/loading.lua:101]: Preload file at: file:///home/red/.config/nvim/lua/plugins/configs/others.lua , size = 1.620 KB
[11:23:47.243][info] [#0:script/workspace/loading.lua:173]: Loaded files takes [1.465] sec: file:///home/red/.config/nvim
[11:23:47.243][info] [#0:script/workspace/loading.lua:182]: Compile files takes [0.000] sec: file:///home/red/.config/nvim
[11:23:47.243][info] [#0:script/workspace/loading.lua:183]: Loaded finish:	file:///home/red/.config/nvim
[11:23:47.243][info] [#0:script/workspace/workspace.lua:379]: Preload finish at:	file:///home/red/.config/nvim
[11:23:47.277][info] [#0:script/provider/diagnostic.lua:557]: Diagnostics scope [file:///home/red/.config/nvim], files count:[141]
[11:23:47.278][warn] [#0:script/proto/proto.lua:187]: Method [textDocument/didOpen] takes [1.581]sec. {
  jsonrpc = "2.0",
  method = "textDocument/didOpen",
  params = {
    textDocument = {
      languageId = "lua",
      text = '"***"',
      uri = "file:///home/red/.config/nvim/init.lua",
      version = 0
    }
  }
}
[11:23:47.847][warn] [#0:script/core/diagnostics/init.lua:136]: Diagnostics [redundant-value] @ [file:///home/red/.config/nvim/lua/core/init.lua] takes [0.502] sec!
[11:23:48.148][info] [#0:script/provider/diagnostic.lua:574]: Diagnostics scope [file:///home/red/.config/nvim] finished, takes [0.866] sec.
[11:27:09.745][info] [#0:script/provider/provider.lua:169]: Server shutdown.
[11:27:09.846][info] [#0:script/provider/provider.lua:162]: Server exited.
